Jun-19 10:20:34.041 [main] DEBUG nextflow.cli.Launcher - $> ./nextflow process-reads.nf -resume
Jun-19 10:20:34.227 [main] INFO  nextflow.cli.CmdRun - N E X T F L O W  ~  version 0.30.0
Jun-19 10:20:34.287 [main] INFO  nextflow.cli.CmdRun - Launching `process-reads.nf` [elegant_noyce] - revision: a3e62f590f
Jun-19 10:20:34.315 [main] DEBUG nextflow.config.ConfigBuilder - Found config local: nextflow.config
Jun-19 10:20:34.319 [main] DEBUG nextflow.config.ConfigBuilder - Parsing config file: /wittelab/data2/sequencing/workflows/combine/nextflow.config
Jun-19 10:20:34.378 [main] DEBUG nextflow.config.ConfigBuilder - Applying config profile: `standard`
Jun-19 10:20:34.961 [main] WARN  nextflow.config.ConfigBuilder - It seems you never run this project before -- Option `-resume` is ignored
Jun-19 10:20:34.994 [main] DEBUG nextflow.Session - Session uuid: 1c01df86-0657-4c04-bfa9-7c59da96bef8
Jun-19 10:20:34.994 [main] DEBUG nextflow.Session - Run name: elegant_noyce
Jun-19 10:20:34.995 [main] DEBUG nextflow.Session - Executor pool size: 64
Jun-19 10:20:35.040 [main] DEBUG nextflow.cli.CmdRun - 
  Version: 0.30.0 build 4843
  Modified: 05-06-2018 07:15 UTC (00:15 PDT)
  System: Linux 2.6.32-504.12.2.el6.664g0000.x86_64
  Runtime: Groovy 2.4.15 on Java HotSpot(TM) 64-Bit Server VM 1.8.0_91-b14
  Encoding: UTF-8 (ANSI_X3.4-1968)
  Process: 387823@n16 [10.54.50.16]
  CPUs: 64 - Mem: 504.9 GB (6.3 GB) - Swap: 59.6 GB (55.7 GB)
Jun-19 10:20:35.145 [main] DEBUG nextflow.Session - Work-dir: /wittelab/data2/sequencing/workflows/combine/work [nfs]
Jun-19 10:20:35.146 [main] DEBUG nextflow.Session - Script base path does not exist or is not a directory: /wittelab/data2/sequencing/workflows/combine/bin
Jun-19 10:20:35.438 [main] DEBUG nextflow.Session - Session start invoked
Jun-19 10:20:35.444 [main] DEBUG nextflow.processor.TaskDispatcher - Dispatcher > start
Jun-19 10:20:35.445 [main] DEBUG nextflow.script.ScriptRunner - > Script parsing
Jun-19 10:20:35.693 [main] DEBUG nextflow.script.ScriptRunner - > Launching execution
Jun-19 10:20:35.726 [main] DEBUG nextflow.Channel - files for syntax: glob; folder: /wittelab/data2/carioc/cfDNA-combined/to_do/; pattern: *_L00*.fastq.gz; options: [:]
Jun-19 10:20:36.169 [main] DEBUG nextflow.processor.ProcessFactory - << taskConfig executor: pbs
Jun-19 10:20:36.169 [main] DEBUG nextflow.processor.ProcessFactory - >> processorType: 'pbs'
Jun-19 10:20:36.186 [main] DEBUG nextflow.executor.Executor - Initializing executor: pbs
Jun-19 10:20:36.189 [main] INFO  nextflow.executor.Executor - [warm up] executor > pbs
Jun-19 10:20:36.200 [main] DEBUG n.processor.TaskPollingMonitor - Creating task monitor for executor 'pbs' > capacity: 25; pollInterval: 5s; dumpInterval: 5m 
Jun-19 10:20:36.212 [main] DEBUG nextflow.processor.TaskDispatcher - Starting monitor: TaskPollingMonitor
Jun-19 10:20:36.214 [main] DEBUG n.processor.TaskPollingMonitor - >>> barrier register (monitor: pbs)
Jun-19 10:20:36.222 [main] DEBUG nextflow.executor.Executor - Invoke register for executor: pbs
Jun-19 10:20:36.224 [main] DEBUG n.executor.AbstractGridExecutor - Creating executor 'pbs' > queue-stat-interval: 1m
Jun-19 10:20:36.299 [main] DEBUG nextflow.Session - >>> barrier register (process: Combine)
Jun-19 10:20:36.304 [main] DEBUG nextflow.processor.TaskProcessor - Creating operator > Combine -- maxForks: 64
Jun-19 10:20:36.337 [main] DEBUG nextflow.script.ScriptRunner - > Await termination 
Jun-19 10:20:36.337 [main] DEBUG nextflow.Session - Session await
Jun-19 10:20:36.965 [Actor Thread 37] DEBUG nextflow.processor.TaskProcessor - Process `Combine (Merging [S074-cfDNA_S25_L001_R1_001.fastq.gz, S074-cfDNA_S25_L002_R1_001.fastq.gz])` is unable to find [UnixPath]: `/wittelab/data2/carioc/cfDNA-combined/panel/S074-cfDNA_R1.fastq.gz` (pattern: `S074-cfDNA_R1.fastq.gz`)
Jun-19 10:20:36.965 [Actor Thread 44] DEBUG nextflow.processor.TaskProcessor - Process `Combine (Merging [S115-cfDNA_S20_L001_R2_001.fastq.gz, S115-cfDNA_S20_L002_R2_001.fastq.gz])` is unable to find [UnixPath]: `/wittelab/data2/carioc/cfDNA-combined/panel/S115-cfDNA_R2.fastq.gz` (pattern: `S115-cfDNA_R2.fastq.gz`)
Jun-19 10:20:36.965 [Actor Thread 27] DEBUG nextflow.processor.TaskProcessor - Process `Combine (Merging [H019-cfDNA_S27_L001_R1_001.fastq.gz, H019-cfDNA_S27_L002_R1_001.fastq.gz])` is unable to find [UnixPath]: `/wittelab/data2/carioc/cfDNA-combined/panel/H019-cfDNA_R1.fastq.gz` (pattern: `H019-cfDNA_R1.fastq.gz`)
Jun-19 10:20:36.965 [Actor Thread 7] DEBUG nextflow.processor.TaskProcessor - Process `Combine (Merging [S028-cfDNA_S7_L001_R1_001.fastq.gz, S028-cfDNA_S7_L002_R1_001.fastq.gz])` is unable to find [UnixPath]: `/wittelab/data2/carioc/cfDNA-combined/panel/S028-cfDNA_R1.fastq.gz` (pattern: `S028-cfDNA_R1.fastq.gz`)
Jun-19 10:20:36.976 [Actor Thread 22] DEBUG nextflow.processor.TaskProcessor - Process `Combine (Merging [S076-cfDNA_S13_L001_R2_001.fastq.gz, S076-cfDNA_S13_L002_R2_001.fastq.gz])` is unable to find [UnixPath]: `/wittelab/data2/carioc/cfDNA-combined/panel/S076-cfDNA_R2.fastq.gz` (pattern: `S076-cfDNA_R2.fastq.gz`)
Jun-19 10:20:36.976 [Actor Thread 6] DEBUG nextflow.processor.TaskProcessor - Process `Combine (Merging [H018-cfDNA_S17_L001_R2_001.fastq.gz, H018-cfDNA_S17_L002_R2_001.fastq.gz])` is unable to find [UnixPath]: `/wittelab/data2/carioc/cfDNA-combined/panel/H018-cfDNA_R2.fastq.gz` (pattern: `H018-cfDNA_R2.fastq.gz`)
Jun-19 10:20:36.965 [Actor Thread 34] DEBUG nextflow.processor.TaskProcessor - Process `Combine (Merging [S064-cfDNA_S23_L001_R2_001.fastq.gz, S064-cfDNA_S23_L002_R2_001.fastq.gz])` is unable to find [UnixPath]: `/wittelab/data2/carioc/cfDNA-combined/panel/S064-cfDNA_R2.fastq.gz` (pattern: `S064-cfDNA_R2.fastq.gz`)
Jun-19 10:20:36.977 [Actor Thread 14] DEBUG nextflow.processor.TaskProcessor - Process `Combine (Merging [S036-cfDNA_S15_L001_R2_001.fastq.gz, S036-cfDNA_S15_L002_R2_001.fastq.gz])` is unable to find [UnixPath]: `/wittelab/data2/carioc/cfDNA-combined/panel/S036-cfDNA_R2.fastq.gz` (pattern: `S036-cfDNA_R2.fastq.gz`)
Jun-19 10:20:36.976 [Actor Thread 26] DEBUG nextflow.processor.TaskProcessor - Process `Combine (Merging [F113-cfDNA_S18_L001_R2_001.fastq.gz, F113-cfDNA_S18_L002_R2_001.fastq.gz])` is unable to find [UnixPath]: `/wittelab/data2/carioc/cfDNA-combined/panel/F113-cfDNA_R2.fastq.gz` (pattern: `F113-cfDNA_R2.fastq.gz`)
Jun-19 10:20:36.978 [Actor Thread 35] DEBUG nextflow.processor.TaskProcessor - Process `Combine (Merging [S067-cfDNA_S24_L001_R1_001.fastq.gz, S067-cfDNA_S24_L002_R1_001.fastq.gz])` is unable to find [UnixPath]: `/wittelab/data2/carioc/cfDNA-combined/panel/S067-cfDNA_R1.fastq.gz` (pattern: `S067-cfDNA_R1.fastq.gz`)
Jun-19 10:20:36.976 [Actor Thread 45] DEBUG nextflow.processor.TaskProcessor - Process `Combine (Merging [S116-cfDNA_S21_L001_R1_001.fastq.gz, S116-cfDNA_S21_L002_R1_001.fastq.gz])` is unable to find [UnixPath]: `/wittelab/data2/carioc/cfDNA-combined/panel/S116-cfDNA_R1.fastq.gz` (pattern: `S116-cfDNA_R1.fastq.gz`)
Jun-19 10:20:36.976 [Actor Thread 10] DEBUG nextflow.processor.TaskProcessor - Process `Combine (Merging [S029-cfDNA_S8_L001_R2_001.fastq.gz, S029-cfDNA_S8_L002_R2_001.fastq.gz])` is unable to find [UnixPath]: `/wittelab/data2/carioc/cfDNA-combined/panel/S029-cfDNA_R2.fastq.gz` (pattern: `S029-cfDNA_R2.fastq.gz`)
Jun-19 10:20:36.976 [Actor Thread 39] DEBUG nextflow.processor.TaskProcessor - Process `Combine (Merging [S078-cfDNA_S26_L001_R1_001.fastq.gz, S078-cfDNA_S26_L002_R1_001.fastq.gz])` is unable to find [UnixPath]: `/wittelab/data2/carioc/cfDNA-combined/panel/S078-cfDNA_R1.fastq.gz` (pattern: `S078-cfDNA_R1.fastq.gz`)
Jun-19 10:20:36.988 [Actor Thread 4] DEBUG nextflow.processor.TaskProcessor - Process `Combine (Merging [H018-cfDNA_S17_L001_R1_001.fastq.gz, H018-cfDNA_S17_L002_R1_001.fastq.gz])` is unable to find [UnixPath]: `/wittelab/data2/carioc/cfDNA-combined/panel/H018-cfDNA_R1.fastq.gz` (pattern: `H018-cfDNA_R1.fastq.gz`)
Jun-19 10:20:36.976 [Actor Thread 13] DEBUG nextflow.processor.TaskProcessor - Process `Combine (Merging [S036-cfDNA_S15_L001_R1_001.fastq.gz, S036-cfDNA_S15_L002_R1_001.fastq.gz])` is unable to find [UnixPath]: `/wittelab/data2/carioc/cfDNA-combined/panel/S036-cfDNA_R1.fastq.gz` (pattern: `S036-cfDNA_R1.fastq.gz`)
Jun-19 10:20:36.977 [Actor Thread 32] DEBUG nextflow.processor.TaskProcessor - Process `Combine (Merging [S027-cfDNA_S22_L001_R2_001.fastq.gz, S027-cfDNA_S22_L002_R2_001.fastq.gz])` is unable to find [UnixPath]: `/wittelab/data2/carioc/cfDNA-combined/panel/S027-cfDNA_R2.fastq.gz` (pattern: `S027-cfDNA_R2.fastq.gz`)
Jun-19 10:20:36.977 [Actor Thread 43] DEBUG nextflow.processor.TaskProcessor - Process `Combine (Merging [S115-cfDNA_S20_L001_R1_001.fastq.gz, S115-cfDNA_S20_L002_R1_001.fastq.gz])` is unable to find [UnixPath]: `/wittelab/data2/carioc/cfDNA-combined/panel/S115-cfDNA_R1.fastq.gz` (pattern: `S115-cfDNA_R1.fastq.gz`)
Jun-19 10:20:36.977 [Actor Thread 1] DEBUG nextflow.processor.TaskProcessor - Process `Combine (Merging [H004-cfDNA_S16_L001_R1_001.fastq.gz, H004-cfDNA_S16_L002_R1_001.fastq.gz])` is unable to find [UnixPath]: `/wittelab/data2/carioc/cfDNA-combined/panel/H004-cfDNA_R1.fastq.gz` (pattern: `H004-cfDNA_R1.fastq.gz`)
Jun-19 10:20:36.977 [Actor Thread 21] DEBUG nextflow.processor.TaskProcessor - Process `Combine (Merging [S076-cfDNA_S13_L001_R1_001.fastq.gz, S076-cfDNA_S13_L002_R1_001.fastq.gz])` is unable to find [UnixPath]: `/wittelab/data2/carioc/cfDNA-combined/panel/S076-cfDNA_R1.fastq.gz` (pattern: `S076-cfDNA_R1.fastq.gz`)
Jun-19 10:20:36.977 [Actor Thread 20] DEBUG nextflow.processor.TaskProcessor - Process `Combine (Merging [S063-cfDNA_S12_L001_R2_001.fastq.gz, S063-cfDNA_S12_L002_R2_001.fastq.gz])` is unable to find [UnixPath]: `/wittelab/data2/carioc/cfDNA-combined/panel/S063-cfDNA_R2.fastq.gz` (pattern: `S063-cfDNA_R2.fastq.gz`)
Jun-19 10:20:36.978 [Actor Thread 8] DEBUG nextflow.processor.TaskProcessor - Process `Combine (Merging [S028-cfDNA_S7_L001_R2_001.fastq.gz, S028-cfDNA_S7_L002_R2_001.fastq.gz])` is unable to find [UnixPath]: `/wittelab/data2/carioc/cfDNA-combined/panel/S028-cfDNA_R2.fastq.gz` (pattern: `S028-cfDNA_R2.fastq.gz`)
Jun-19 10:20:36.978 [Actor Thread 11] DEBUG nextflow.processor.TaskProcessor - Process `Combine (Merging [S030-cfDNA_S9_L001_R1_001.fastq.gz, S030-cfDNA_S9_L002_R1_001.fastq.gz])` is unable to find [UnixPath]: `/wittelab/data2/carioc/cfDNA-combined/panel/S030-cfDNA_R1.fastq.gz` (pattern: `S030-cfDNA_R1.fastq.gz`)
Jun-19 10:20:36.979 [Actor Thread 41] DEBUG nextflow.processor.TaskProcessor - Process `Combine (Merging [S114-cfDNA_S19_L001_R1_001.fastq.gz, S114-cfDNA_S19_L002_R1_001.fastq.gz])` is unable to find [UnixPath]: `/wittelab/data2/carioc/cfDNA-combined/panel/S114-cfDNA_R1.fastq.gz` (pattern: `S114-cfDNA_R1.fastq.gz`)
Jun-19 10:20:36.992 [Actor Thread 18] DEBUG nextflow.processor.TaskProcessor - Process `Combine (Merging [S058-cfDNA_S11_L001_R2_001.fastq.gz, S058-cfDNA_S11_L002_R2_001.fastq.gz])` is unable to find [UnixPath]: `/wittelab/data2/carioc/cfDNA-combined/panel/S058-cfDNA_R2.fastq.gz` (pattern: `S058-cfDNA_R2.fastq.gz`)
Jun-19 10:20:36.978 [Actor Thread 42] DEBUG nextflow.processor.TaskProcessor - Process `Combine (Merging [S114-cfDNA_S19_L001_R2_001.fastq.gz, S114-cfDNA_S19_L002_R2_001.fastq.gz])` is unable to find [UnixPath]: `/wittelab/data2/carioc/cfDNA-combined/panel/S114-cfDNA_R2.fastq.gz` (pattern: `S114-cfDNA_R2.fastq.gz`)
Jun-19 10:20:36.979 [Actor Thread 31] DEBUG nextflow.processor.TaskProcessor - Process `Combine (Merging [S027-cfDNA_S22_L001_R1_001.fastq.gz, S027-cfDNA_S22_L002_R1_001.fastq.gz])` is unable to find [UnixPath]: `/wittelab/data2/carioc/cfDNA-combined/panel/S027-cfDNA_R1.fastq.gz` (pattern: `S027-cfDNA_R1.fastq.gz`)
Jun-19 10:20:36.979 [Actor Thread 33] DEBUG nextflow.processor.TaskProcessor - Process `Combine (Merging [S064-cfDNA_S23_L001_R1_001.fastq.gz, S064-cfDNA_S23_L002_R1_001.fastq.gz])` is unable to find [UnixPath]: `/wittelab/data2/carioc/cfDNA-combined/panel/S064-cfDNA_R1.fastq.gz` (pattern: `S064-cfDNA_R1.fastq.gz`)
Jun-19 10:20:36.979 [Actor Thread 36] DEBUG nextflow.processor.TaskProcessor - Process `Combine (Merging [S067-cfDNA_S24_L001_R2_001.fastq.gz, S067-cfDNA_S24_L002_R2_001.fastq.gz])` is unable to find [UnixPath]: `/wittelab/data2/carioc/cfDNA-combined/panel/S067-cfDNA_R2.fastq.gz` (pattern: `S067-cfDNA_R2.fastq.gz`)
Jun-19 10:20:36.979 [Actor Thread 12] DEBUG nextflow.processor.TaskProcessor - Process `Combine (Merging [S030-cfDNA_S9_L001_R2_001.fastq.gz, S030-cfDNA_S9_L002_R2_001.fastq.gz])` is unable to find [UnixPath]: `/wittelab/data2/carioc/cfDNA-combined/panel/S030-cfDNA_R2.fastq.gz` (pattern: `S030-cfDNA_R2.fastq.gz`)
Jun-19 10:20:36.979 [Actor Thread 16] DEBUG nextflow.processor.TaskProcessor - Process `Combine (Merging [S038-cfDNA_S10_L001_R2_001.fastq.gz, S038-cfDNA_S10_L002_R2_001.fastq.gz])` is unable to find [UnixPath]: `/wittelab/data2/carioc/cfDNA-combined/panel/S038-cfDNA_R2.fastq.gz` (pattern: `S038-cfDNA_R2.fastq.gz`)
Jun-19 10:20:36.980 [Actor Thread 17] DEBUG nextflow.processor.TaskProcessor - Process `Combine (Merging [S058-cfDNA_S11_L001_R1_001.fastq.gz, S058-cfDNA_S11_L002_R1_001.fastq.gz])` is unable to find [UnixPath]: `/wittelab/data2/carioc/cfDNA-combined/panel/S058-cfDNA_R1.fastq.gz` (pattern: `S058-cfDNA_R1.fastq.gz`)
Jun-19 10:20:36.980 [Actor Thread 30] DEBUG nextflow.processor.TaskProcessor - Process `Combine (Merging [H020-cfDNA_S28_L001_R2_001.fastq.gz, H020-cfDNA_S28_L002_R2_001.fastq.gz])` is unable to find [UnixPath]: `/wittelab/data2/carioc/cfDNA-combined/panel/H020-cfDNA_R2.fastq.gz` (pattern: `H020-cfDNA_R2.fastq.gz`)
Jun-19 10:20:36.980 [Actor Thread 40] DEBUG nextflow.processor.TaskProcessor - Process `Combine (Merging [S078-cfDNA_S26_L001_R2_001.fastq.gz, S078-cfDNA_S26_L002_R2_001.fastq.gz])` is unable to find [UnixPath]: `/wittelab/data2/carioc/cfDNA-combined/panel/S078-cfDNA_R2.fastq.gz` (pattern: `S078-cfDNA_R2.fastq.gz`)
Jun-19 10:20:36.979 [Actor Thread 9] DEBUG nextflow.processor.TaskProcessor - Process `Combine (Merging [S029-cfDNA_S8_L001_R1_001.fastq.gz, S029-cfDNA_S8_L002_R1_001.fastq.gz])` is unable to find [UnixPath]: `/wittelab/data2/carioc/cfDNA-combined/panel/S029-cfDNA_R1.fastq.gz` (pattern: `S029-cfDNA_R1.fastq.gz`)
Jun-19 10:20:36.986 [Actor Thread 38] DEBUG nextflow.processor.TaskProcessor - Process `Combine (Merging [S074-cfDNA_S25_L001_R2_001.fastq.gz, S074-cfDNA_S25_L002_R2_001.fastq.gz])` is unable to find [UnixPath]: `/wittelab/data2/carioc/cfDNA-combined/panel/S074-cfDNA_R2.fastq.gz` (pattern: `S074-cfDNA_R2.fastq.gz`)
Jun-19 10:20:36.988 [Actor Thread 19] DEBUG nextflow.processor.TaskProcessor - Process `Combine (Merging [S063-cfDNA_S12_L001_R1_001.fastq.gz, S063-cfDNA_S12_L002_R1_001.fastq.gz])` is unable to find [UnixPath]: `/wittelab/data2/carioc/cfDNA-combined/panel/S063-cfDNA_R1.fastq.gz` (pattern: `S063-cfDNA_R1.fastq.gz`)
Jun-19 10:20:36.988 [Actor Thread 24] DEBUG nextflow.processor.TaskProcessor - Process `Combine (Merging [S083-cfDNA_S14_L001_R2_001.fastq.gz, S083-cfDNA_S14_L002_R2_001.fastq.gz])` is unable to find [UnixPath]: `/wittelab/data2/carioc/cfDNA-combined/panel/S083-cfDNA_R2.fastq.gz` (pattern: `S083-cfDNA_R2.fastq.gz`)
Jun-19 10:20:36.988 [Actor Thread 5] DEBUG nextflow.processor.TaskProcessor - Process `Combine (Merging [H004-cfDNA_S16_L001_R2_001.fastq.gz, H004-cfDNA_S16_L002_R2_001.fastq.gz])` is unable to find [UnixPath]: `/wittelab/data2/carioc/cfDNA-combined/panel/H004-cfDNA_R2.fastq.gz` (pattern: `H004-cfDNA_R2.fastq.gz`)
Jun-19 10:20:36.989 [Actor Thread 29] DEBUG nextflow.processor.TaskProcessor - Process `Combine (Merging [H020-cfDNA_S28_L001_R1_001.fastq.gz, H020-cfDNA_S28_L002_R1_001.fastq.gz])` is unable to find [UnixPath]: `/wittelab/data2/carioc/cfDNA-combined/panel/H020-cfDNA_R1.fastq.gz` (pattern: `H020-cfDNA_R1.fastq.gz`)
Jun-19 10:20:36.991 [Actor Thread 25] DEBUG nextflow.processor.TaskProcessor - Process `Combine (Merging [F113-cfDNA_S18_L001_R1_001.fastq.gz, F113-cfDNA_S18_L002_R1_001.fastq.gz])` is unable to find [UnixPath]: `/wittelab/data2/carioc/cfDNA-combined/panel/F113-cfDNA_R1.fastq.gz` (pattern: `F113-cfDNA_R1.fastq.gz`)
Jun-19 10:20:36.992 [Actor Thread 46] DEBUG nextflow.processor.TaskProcessor - Process `Combine (Merging [S116-cfDNA_S21_L001_R2_001.fastq.gz, S116-cfDNA_S21_L002_R2_001.fastq.gz])` is unable to find [UnixPath]: `/wittelab/data2/carioc/cfDNA-combined/panel/S116-cfDNA_R2.fastq.gz` (pattern: `S116-cfDNA_R2.fastq.gz`)
Jun-19 10:20:36.992 [Actor Thread 15] DEBUG nextflow.processor.TaskProcessor - Process `Combine (Merging [S038-cfDNA_S10_L001_R1_001.fastq.gz, S038-cfDNA_S10_L002_R1_001.fastq.gz])` is unable to find [UnixPath]: `/wittelab/data2/carioc/cfDNA-combined/panel/S038-cfDNA_R1.fastq.gz` (pattern: `S038-cfDNA_R1.fastq.gz`)
Jun-19 10:20:36.993 [Actor Thread 23] DEBUG nextflow.processor.TaskProcessor - Process `Combine (Merging [S083-cfDNA_S14_L001_R1_001.fastq.gz, S083-cfDNA_S14_L002_R1_001.fastq.gz])` is unable to find [UnixPath]: `/wittelab/data2/carioc/cfDNA-combined/panel/S083-cfDNA_R1.fastq.gz` (pattern: `S083-cfDNA_R1.fastq.gz`)
Jun-19 10:20:36.994 [Actor Thread 28] DEBUG nextflow.processor.TaskProcessor - Process `Combine (Merging [H019-cfDNA_S27_L001_R2_001.fastq.gz, H019-cfDNA_S27_L002_R2_001.fastq.gz])` is unable to find [UnixPath]: `/wittelab/data2/carioc/cfDNA-combined/panel/H019-cfDNA_R2.fastq.gz` (pattern: `H019-cfDNA_R2.fastq.gz`)
Jun-19 10:20:37.486 [Task submitter] DEBUG nextflow.executor.GridTaskHandler - [PBS] submitted process Combine (Merging [S036-cfDNA_S15_L001_R1_001.fastq.gz, S036-cfDNA_S15_L002_R1_001.fastq.gz]) > jobId: 1159233.cclc01.som.ucsf.edu; workDir: /wittelab/data2/sequencing/workflows/combine/work/eb/629dee31c6df538bdc34256335d510
Jun-19 10:20:37.498 [Task submitter] INFO  nextflow.Session - [eb/629dee] Submitted process > Combine (Merging [S036-cfDNA_S15_L001_R1_001.fastq.gz, S036-cfDNA_S15_L002_R1_001.fastq.gz])
Jun-19 10:20:37.594 [Task submitter] DEBUG nextflow.executor.GridTaskHandler - [PBS] submitted process Combine (Merging [S027-cfDNA_S22_L001_R1_001.fastq.gz, S027-cfDNA_S22_L002_R1_001.fastq.gz]) > jobId: 1159234.cclc01.som.ucsf.edu; workDir: /wittelab/data2/sequencing/workflows/combine/work/af/4a69020eb7c920b21ae991ac6f851d
Jun-19 10:20:37.595 [Task submitter] INFO  nextflow.Session - [af/4a6902] Submitted process > Combine (Merging [S027-cfDNA_S22_L001_R1_001.fastq.gz, S027-cfDNA_S22_L002_R1_001.fastq.gz])
Jun-19 10:20:37.663 [Task submitter] DEBUG nextflow.executor.GridTaskHandler - [PBS] submitted process Combine (Merging [S028-cfDNA_S7_L001_R2_001.fastq.gz, S028-cfDNA_S7_L002_R2_001.fastq.gz]) > jobId: 1159235.cclc01.som.ucsf.edu; workDir: /wittelab/data2/sequencing/workflows/combine/work/84/8fda549cc365699fd17a3bd0887114
Jun-19 10:20:37.665 [Task submitter] INFO  nextflow.Session - [84/8fda54] Submitted process > Combine (Merging [S028-cfDNA_S7_L001_R2_001.fastq.gz, S028-cfDNA_S7_L002_R2_001.fastq.gz])
Jun-19 10:20:37.750 [Task submitter] DEBUG nextflow.executor.GridTaskHandler - [PBS] submitted process Combine (Merging [S116-cfDNA_S21_L001_R2_001.fastq.gz, S116-cfDNA_S21_L002_R2_001.fastq.gz]) > jobId: 1159236.cclc01.som.ucsf.edu; workDir: /wittelab/data2/sequencing/workflows/combine/work/b5/f2a551fce377d093bbdb0512c878b8
Jun-19 10:20:37.751 [Task submitter] INFO  nextflow.Session - [b5/f2a551] Submitted process > Combine (Merging [S116-cfDNA_S21_L001_R2_001.fastq.gz, S116-cfDNA_S21_L002_R2_001.fastq.gz])
Jun-19 10:20:37.844 [Task submitter] DEBUG nextflow.executor.GridTaskHandler - [PBS] submitted process Combine (Merging [S076-cfDNA_S13_L001_R1_001.fastq.gz, S076-cfDNA_S13_L002_R1_001.fastq.gz]) > jobId: 1159237.cclc01.som.ucsf.edu; workDir: /wittelab/data2/sequencing/workflows/combine/work/e3/23e867b1f8beb18c7f06a6a7a3f1b6
Jun-19 10:20:37.846 [Task submitter] INFO  nextflow.Session - [e3/23e867] Submitted process > Combine (Merging [S076-cfDNA_S13_L001_R1_001.fastq.gz, S076-cfDNA_S13_L002_R1_001.fastq.gz])
Jun-19 10:20:38.044 [Task submitter] DEBUG nextflow.executor.GridTaskHandler - [PBS] submitted process Combine (Merging [S074-cfDNA_S25_L001_R1_001.fastq.gz, S074-cfDNA_S25_L002_R1_001.fastq.gz]) > jobId: 1159238.cclc01.som.ucsf.edu; workDir: /wittelab/data2/sequencing/workflows/combine/work/b2/648c2a2b963a484ad42c98e117fb16
Jun-19 10:20:38.045 [Task submitter] INFO  nextflow.Session - [b2/648c2a] Submitted process > Combine (Merging [S074-cfDNA_S25_L001_R1_001.fastq.gz, S074-cfDNA_S25_L002_R1_001.fastq.gz])
Jun-19 10:20:38.180 [Task submitter] DEBUG nextflow.executor.GridTaskHandler - [PBS] submitted process Combine (Merging [H004-cfDNA_S16_L001_R2_001.fastq.gz, H004-cfDNA_S16_L002_R2_001.fastq.gz]) > jobId: 1159239.cclc01.som.ucsf.edu; workDir: /wittelab/data2/sequencing/workflows/combine/work/b4/e67d6c8ff83e47f59cec2a2dd7fd82
Jun-19 10:20:38.181 [Task submitter] INFO  nextflow.Session - [b4/e67d6c] Submitted process > Combine (Merging [H004-cfDNA_S16_L001_R2_001.fastq.gz, H004-cfDNA_S16_L002_R2_001.fastq.gz])
Jun-19 10:20:38.341 [Task submitter] DEBUG nextflow.executor.GridTaskHandler - [PBS] submitted process Combine (Merging [S063-cfDNA_S12_L001_R1_001.fastq.gz, S063-cfDNA_S12_L002_R1_001.fastq.gz]) > jobId: 1159240.cclc01.som.ucsf.edu; workDir: /wittelab/data2/sequencing/workflows/combine/work/32/230c8d329db1de83ce859e295f98dc
Jun-19 10:20:38.342 [Task submitter] INFO  nextflow.Session - [32/230c8d] Submitted process > Combine (Merging [S063-cfDNA_S12_L001_R1_001.fastq.gz, S063-cfDNA_S12_L002_R1_001.fastq.gz])
Jun-19 10:20:38.454 [Task submitter] DEBUG nextflow.executor.GridTaskHandler - [PBS] submitted process Combine (Merging [H019-cfDNA_S27_L001_R2_001.fastq.gz, H019-cfDNA_S27_L002_R2_001.fastq.gz]) > jobId: 1159241.cclc01.som.ucsf.edu; workDir: /wittelab/data2/sequencing/workflows/combine/work/02/b401dd2943668bf04f513ade87dbe1
Jun-19 10:20:38.455 [Task submitter] INFO  nextflow.Session - [02/b401dd] Submitted process > Combine (Merging [H019-cfDNA_S27_L001_R2_001.fastq.gz, H019-cfDNA_S27_L002_R2_001.fastq.gz])
Jun-19 10:20:38.559 [Task submitter] DEBUG nextflow.executor.GridTaskHandler - [PBS] submitted process Combine (Merging [S058-cfDNA_S11_L001_R2_001.fastq.gz, S058-cfDNA_S11_L002_R2_001.fastq.gz]) > jobId: 1159242.cclc01.som.ucsf.edu; workDir: /wittelab/data2/sequencing/workflows/combine/work/65/23067ff74def1d4e47351ca5ed05e1
Jun-19 10:20:38.560 [Task submitter] INFO  nextflow.Session - [65/23067f] Submitted process > Combine (Merging [S058-cfDNA_S11_L001_R2_001.fastq.gz, S058-cfDNA_S11_L002_R2_001.fastq.gz])
Jun-19 10:20:43.119 [Task submitter] DEBUG nextflow.executor.GridTaskHandler - [PBS] submitted process Combine (Merging [H020-cfDNA_S28_L001_R1_001.fastq.gz, H020-cfDNA_S28_L002_R1_001.fastq.gz]) > jobId: 1159243.cclc01.som.ucsf.edu; workDir: /wittelab/data2/sequencing/workflows/combine/work/54/843a3a61dc75cbfa3ac4d8cb8a61f0
Jun-19 10:20:43.121 [Task submitter] INFO  nextflow.Session - [54/843a3a] Submitted process > Combine (Merging [H020-cfDNA_S28_L001_R1_001.fastq.gz, H020-cfDNA_S28_L002_R1_001.fastq.gz])
Jun-19 10:20:43.175 [Task submitter] DEBUG nextflow.executor.GridTaskHandler - [PBS] submitted process Combine (Merging [S083-cfDNA_S14_L001_R2_001.fastq.gz, S083-cfDNA_S14_L002_R2_001.fastq.gz]) > jobId: 1159244.cclc01.som.ucsf.edu; workDir: /wittelab/data2/sequencing/workflows/combine/work/1b/a755a9289017d39e3b78902216746a
Jun-19 10:20:43.176 [Task submitter] INFO  nextflow.Session - [1b/a755a9] Submitted process > Combine (Merging [S083-cfDNA_S14_L001_R2_001.fastq.gz, S083-cfDNA_S14_L002_R2_001.fastq.gz])
Jun-19 10:20:48.453 [Task submitter] DEBUG nextflow.executor.GridTaskHandler - [PBS] submitted process Combine (Merging [S030-cfDNA_S9_L001_R2_001.fastq.gz, S030-cfDNA_S9_L002_R2_001.fastq.gz]) > jobId: 1159245.cclc01.som.ucsf.edu; workDir: /wittelab/data2/sequencing/workflows/combine/work/b6/3376007e08a7fc942506a8f9eaf794
Jun-19 10:20:48.454 [Task submitter] INFO  nextflow.Session - [b6/337600] Submitted process > Combine (Merging [S030-cfDNA_S9_L001_R2_001.fastq.gz, S030-cfDNA_S9_L002_R2_001.fastq.gz])
Jun-19 10:20:48.527 [Task submitter] DEBUG nextflow.executor.GridTaskHandler - [PBS] submitted process Combine (Merging [S058-cfDNA_S11_L001_R1_001.fastq.gz, S058-cfDNA_S11_L002_R1_001.fastq.gz]) > jobId: 1159246.cclc01.som.ucsf.edu; workDir: /wittelab/data2/sequencing/workflows/combine/work/98/20a30784270b8a1aa792ff651ec221
Jun-19 10:20:48.528 [Task submitter] INFO  nextflow.Session - [98/20a307] Submitted process > Combine (Merging [S058-cfDNA_S11_L001_R1_001.fastq.gz, S058-cfDNA_S11_L002_R1_001.fastq.gz])
Jun-19 10:20:48.590 [Task submitter] DEBUG nextflow.executor.GridTaskHandler - [PBS] submitted process Combine (Merging [F113-cfDNA_S18_L001_R1_001.fastq.gz, F113-cfDNA_S18_L002_R1_001.fastq.gz]) > jobId: 1159247.cclc01.som.ucsf.edu; workDir: /wittelab/data2/sequencing/workflows/combine/work/65/de2014e7c6473fe1940b19e5db6ad3
Jun-19 10:20:48.592 [Task submitter] INFO  nextflow.Session - [65/de2014] Submitted process > Combine (Merging [F113-cfDNA_S18_L001_R1_001.fastq.gz, F113-cfDNA_S18_L002_R1_001.fastq.gz])
Jun-19 10:21:00.960 [Task submitter] DEBUG nextflow.executor.GridTaskHandler - [PBS] submitted process Combine (Merging [S063-cfDNA_S12_L001_R2_001.fastq.gz, S063-cfDNA_S12_L002_R2_001.fastq.gz]) > jobId: 1159248.cclc01.som.ucsf.edu; workDir: /wittelab/data2/sequencing/workflows/combine/work/0e/2d1647b6fe79619de3f04555151e07
Jun-19 10:21:00.999 [Task submitter] INFO  nextflow.Session - [0e/2d1647] Submitted process > Combine (Merging [S063-cfDNA_S12_L001_R2_001.fastq.gz, S063-cfDNA_S12_L002_R2_001.fastq.gz])
Jun-19 10:21:01.277 [Task submitter] DEBUG nextflow.executor.GridTaskHandler - [PBS] submitted process Combine (Merging [S067-cfDNA_S24_L001_R2_001.fastq.gz, S067-cfDNA_S24_L002_R2_001.fastq.gz]) > jobId: 1159249.cclc01.som.ucsf.edu; workDir: /wittelab/data2/sequencing/workflows/combine/work/43/5daacec4db4a9d7d71e61c71010ba4
Jun-19 10:21:01.278 [Task submitter] INFO  nextflow.Session - [43/5daace] Submitted process > Combine (Merging [S067-cfDNA_S24_L001_R2_001.fastq.gz, S067-cfDNA_S24_L002_R2_001.fastq.gz])
Jun-19 10:21:01.503 [Task submitter] DEBUG nextflow.executor.GridTaskHandler - [PBS] submitted process Combine (Merging [S064-cfDNA_S23_L001_R1_001.fastq.gz, S064-cfDNA_S23_L002_R1_001.fastq.gz]) > jobId: 1159250.cclc01.som.ucsf.edu; workDir: /wittelab/data2/sequencing/workflows/combine/work/33/0fab7ad2f476b5d5e80d79e2d85931
Jun-19 10:21:01.503 [Task submitter] INFO  nextflow.Session - [33/0fab7a] Submitted process > Combine (Merging [S064-cfDNA_S23_L001_R1_001.fastq.gz, S064-cfDNA_S23_L002_R1_001.fastq.gz])
Jun-19 10:21:01.770 [Task submitter] DEBUG nextflow.executor.GridTaskHandler - [PBS] submitted process Combine (Merging [S029-cfDNA_S8_L001_R1_001.fastq.gz, S029-cfDNA_S8_L002_R1_001.fastq.gz]) > jobId: 1159251.cclc01.som.ucsf.edu; workDir: /wittelab/data2/sequencing/workflows/combine/work/da/76830001bf7da6991323940ee9ae71
Jun-19 10:21:01.771 [Task submitter] INFO  nextflow.Session - [da/768300] Submitted process > Combine (Merging [S029-cfDNA_S8_L001_R1_001.fastq.gz, S029-cfDNA_S8_L002_R1_001.fastq.gz])
Jun-19 10:21:01.951 [Task submitter] DEBUG nextflow.executor.GridTaskHandler - [PBS] submitted process Combine (Merging [S030-cfDNA_S9_L001_R1_001.fastq.gz, S030-cfDNA_S9_L002_R1_001.fastq.gz]) > jobId: 1159252.cclc01.som.ucsf.edu; workDir: /wittelab/data2/sequencing/workflows/combine/work/09/86586b0f9f2c9d3ccd59aad791c90b
Jun-19 10:21:01.952 [Task submitter] INFO  nextflow.Session - [09/86586b] Submitted process > Combine (Merging [S030-cfDNA_S9_L001_R1_001.fastq.gz, S030-cfDNA_S9_L002_R1_001.fastq.gz])
Jun-19 10:21:02.078 [Task submitter] DEBUG nextflow.executor.GridTaskHandler - [PBS] submitted process Combine (Merging [S067-cfDNA_S24_L001_R1_001.fastq.gz, S067-cfDNA_S24_L002_R1_001.fastq.gz]) > jobId: 1159253.cclc01.som.ucsf.edu; workDir: /wittelab/data2/sequencing/workflows/combine/work/69/b6ebb35f555a238b866be1d9937305
Jun-19 10:21:02.079 [Task submitter] INFO  nextflow.Session - [69/b6ebb3] Submitted process > Combine (Merging [S067-cfDNA_S24_L001_R1_001.fastq.gz, S067-cfDNA_S24_L002_R1_001.fastq.gz])
Jun-19 10:21:02.242 [Task submitter] DEBUG nextflow.executor.GridTaskHandler - [PBS] submitted process Combine (Merging [S038-cfDNA_S10_L001_R2_001.fastq.gz, S038-cfDNA_S10_L002_R2_001.fastq.gz]) > jobId: 1159254.cclc01.som.ucsf.edu; workDir: /wittelab/data2/sequencing/workflows/combine/work/21/2afc4283d3f6e944641bc2f4df5879
Jun-19 10:21:02.243 [Task submitter] INFO  nextflow.Session - [21/2afc42] Submitted process > Combine (Merging [S038-cfDNA_S10_L001_R2_001.fastq.gz, S038-cfDNA_S10_L002_R2_001.fastq.gz])
Jun-19 10:21:02.465 [Task submitter] DEBUG nextflow.executor.GridTaskHandler - [PBS] submitted process Combine (Merging [S115-cfDNA_S20_L001_R1_001.fastq.gz, S115-cfDNA_S20_L002_R1_001.fastq.gz]) > jobId: 1159255.cclc01.som.ucsf.edu; workDir: /wittelab/data2/sequencing/workflows/combine/work/55/e48846c69cbc021b12cad4b092ae6b
Jun-19 10:21:02.465 [Task submitter] INFO  nextflow.Session - [55/e48846] Submitted process > Combine (Merging [S115-cfDNA_S20_L001_R1_001.fastq.gz, S115-cfDNA_S20_L002_R1_001.fastq.gz])
Jun-19 10:21:02.735 [Task submitter] DEBUG nextflow.executor.GridTaskHandler - [PBS] submitted process Combine (Merging [S115-cfDNA_S20_L001_R2_001.fastq.gz, S115-cfDNA_S20_L002_R2_001.fastq.gz]) > jobId: 1159256.cclc01.som.ucsf.edu; workDir: /wittelab/data2/sequencing/workflows/combine/work/7a/a0f9cce7bca7d290621ee5158400a9
Jun-19 10:21:02.736 [Task submitter] INFO  nextflow.Session - [7a/a0f9cc] Submitted process > Combine (Merging [S115-cfDNA_S20_L001_R2_001.fastq.gz, S115-cfDNA_S20_L002_R2_001.fastq.gz])
Jun-19 10:21:02.950 [Task submitter] DEBUG nextflow.executor.GridTaskHandler - [PBS] submitted process Combine (Merging [S027-cfDNA_S22_L001_R2_001.fastq.gz, S027-cfDNA_S22_L002_R2_001.fastq.gz]) > jobId: 1159257.cclc01.som.ucsf.edu; workDir: /wittelab/data2/sequencing/workflows/combine/work/8f/0540738968154c7be601fc9c493598
Jun-19 10:21:02.951 [Task submitter] INFO  nextflow.Session - [8f/054073] Submitted process > Combine (Merging [S027-cfDNA_S22_L001_R2_001.fastq.gz, S027-cfDNA_S22_L002_R2_001.fastq.gz])
Jun-19 10:21:16.764 [Task monitor] DEBUG n.processor.TaskPollingMonitor - Task completed > TaskHandler[jobId: 1159237.cclc01.som.ucsf.edu; id: 19; name: Combine (Merging [S076-cfDNA_S13_L001_R1_001.fastq.gz, S076-cfDNA_S13_L002_R1_001.fastq.gz]); status: COMPLETED; exit: 0; error: -; workDir: /wittelab/data2/sequencing/workflows/combine/work/e3/23e867b1f8beb18c7f06a6a7a3f1b6 started: 1529428841552; exited: 2018-06-19T17:21:13Z; ]
Jun-19 10:21:20.142 [Task submitter] DEBUG nextflow.executor.GridTaskHandler - [PBS] submitted process Combine (Merging [S114-cfDNA_S19_L001_R2_001.fastq.gz, S114-cfDNA_S19_L002_R2_001.fastq.gz]) > jobId: 1159258.cclc01.som.ucsf.edu; workDir: /wittelab/data2/sequencing/workflows/combine/work/18/b2c461a129f4832f9ccffefd57e441
Jun-19 10:21:20.143 [Task submitter] INFO  nextflow.Session - [18/b2c461] Submitted process > Combine (Merging [S114-cfDNA_S19_L001_R2_001.fastq.gz, S114-cfDNA_S19_L002_R2_001.fastq.gz])
Jun-19 10:21:27.149 [Task monitor] DEBUG n.processor.TaskPollingMonitor - Task completed > TaskHandler[jobId: 1159240.cclc01.som.ucsf.edu; id: 17; name: Combine (Merging [S063-cfDNA_S12_L001_R1_001.fastq.gz, S063-cfDNA_S12_L002_R1_001.fastq.gz]); status: COMPLETED; exit: 0; error: -; workDir: /wittelab/data2/sequencing/workflows/combine/work/32/230c8d329db1de83ce859e295f98dc started: 1529428872891; exited: 2018-06-19T17:21:24Z; ]
Jun-19 10:21:40.741 [Task submitter] DEBUG nextflow.executor.GridTaskHandler - [PBS] submitted process Combine (Merging [S078-cfDNA_S26_L001_R2_001.fastq.gz, S078-cfDNA_S26_L002_R2_001.fastq.gz]) > jobId: 1159259.cclc01.som.ucsf.edu; workDir: /wittelab/data2/sequencing/workflows/combine/work/66/10eae5a30537d113275a9e760acb24
Jun-19 10:21:40.777 [Task submitter] INFO  nextflow.Session - [66/10eae5] Submitted process > Combine (Merging [S078-cfDNA_S26_L001_R2_001.fastq.gz, S078-cfDNA_S26_L002_R2_001.fastq.gz])
Jun-19 10:21:49.327 [Task monitor] DEBUG n.processor.TaskPollingMonitor - Task completed > TaskHandler[jobId: 1159238.cclc01.som.ucsf.edu; id: 35; name: Combine (Merging [S074-cfDNA_S25_L001_R1_001.fastq.gz, S074-cfDNA_S25_L002_R1_001.fastq.gz]); status: COMPLETED; exit: 0; error: -; workDir: /wittelab/data2/sequencing/workflows/combine/work/b2/648c2a2b963a484ad42c98e117fb16 started: 1529428851246; exited: 2018-06-19T17:21:41Z; ]
Jun-19 10:21:50.195 [Task submitter] DEBUG nextflow.executor.GridTaskHandler - [PBS] submitted process Combine (Merging [S114-cfDNA_S19_L001_R1_001.fastq.gz, S114-cfDNA_S19_L002_R1_001.fastq.gz]) > jobId: 1159260.cclc01.som.ucsf.edu; workDir: /wittelab/data2/sequencing/workflows/combine/work/cd/fd0c87ebc52c452b231e14eaa30890
Jun-19 10:21:50.196 [Task submitter] INFO  nextflow.Session - [cd/fd0c87] Submitted process > Combine (Merging [S114-cfDNA_S19_L001_R1_001.fastq.gz, S114-cfDNA_S19_L002_R1_001.fastq.gz])
Jun-19 10:22:12.692 [Task monitor] DEBUG n.processor.TaskPollingMonitor - Task completed > TaskHandler[jobId: 1159244.cclc01.som.ucsf.edu; id: 22; name: Combine (Merging [S083-cfDNA_S14_L001_R2_001.fastq.gz, S083-cfDNA_S14_L002_R2_001.fastq.gz]); status: COMPLETED; exit: 0; error: -; workDir: /wittelab/data2/sequencing/workflows/combine/work/1b/a755a9289017d39e3b78902216746a started: 1529428931821; exited: 2018-06-19T17:22:08Z; ]
Jun-19 10:22:21.490 [Task monitor] DEBUG n.processor.TaskPollingMonitor - Task completed > TaskHandler[jobId: 1159241.cclc01.som.ucsf.edu; id: 26; name: Combine (Merging [H019-cfDNA_S27_L001_R2_001.fastq.gz, H019-cfDNA_S27_L002_R2_001.fastq.gz]); status: COMPLETED; exit: 0; error: -; workDir: /wittelab/data2/sequencing/workflows/combine/work/02/b401dd2943668bf04f513ade87dbe1 started: 1529428856250; exited: 2018-06-19T17:22:18Z; ]
Jun-19 10:22:21.908 [Task submitter] DEBUG nextflow.executor.GridTaskHandler - [PBS] submitted process Combine (Merging [F113-cfDNA_S18_L001_R2_001.fastq.gz, F113-cfDNA_S18_L002_R2_001.fastq.gz]) > jobId: 1159261.cclc01.som.ucsf.edu; workDir: /wittelab/data2/sequencing/workflows/combine/work/13/31a67cb20613c75df5a5ba5b90fe80
Jun-19 10:22:21.910 [Task submitter] INFO  nextflow.Session - [13/31a67c] Submitted process > Combine (Merging [F113-cfDNA_S18_L001_R2_001.fastq.gz, F113-cfDNA_S18_L002_R2_001.fastq.gz])
Jun-19 10:22:38.233 [Task submitter] DEBUG nextflow.executor.GridTaskHandler - [PBS] submitted process Combine (Merging [S083-cfDNA_S14_L001_R1_001.fastq.gz, S083-cfDNA_S14_L002_R1_001.fastq.gz]) > jobId: 1159262.cclc01.som.ucsf.edu; workDir: /wittelab/data2/sequencing/workflows/combine/work/be/90cd47ffcb9a1b973da0946b5d7266
Jun-19 10:22:38.589 [Task submitter] INFO  nextflow.Session - [be/90cd47] Submitted process > Combine (Merging [S083-cfDNA_S14_L001_R1_001.fastq.gz, S083-cfDNA_S14_L002_R1_001.fastq.gz])
Jun-19 10:23:03.227 [Task monitor] DEBUG n.processor.TaskPollingMonitor - Task completed > TaskHandler[jobId: 1159247.cclc01.som.ucsf.edu; id: 23; name: Combine (Merging [F113-cfDNA_S18_L001_R1_001.fastq.gz, F113-cfDNA_S18_L002_R1_001.fastq.gz]); status: COMPLETED; exit: 0; error: -; workDir: /wittelab/data2/sequencing/workflows/combine/work/65/de2014e7c6473fe1940b19e5db6ad3 started: 1529428943312; exited: 2018-06-19T17:22:57Z; ]
Jun-19 10:23:24.430 [Task submitter] DEBUG nextflow.executor.GridTaskHandler - [PBS] submitted process Combine (Merging [S028-cfDNA_S7_L001_R1_001.fastq.gz, S028-cfDNA_S7_L002_R1_001.fastq.gz]) > jobId: 1159263.cclc01.som.ucsf.edu; workDir: /wittelab/data2/sequencing/workflows/combine/work/d5/e45c649d67bae46829464c657303de
Jun-19 10:23:24.827 [Task submitter] INFO  nextflow.Session - [d5/e45c64] Submitted process > Combine (Merging [S028-cfDNA_S7_L001_R1_001.fastq.gz, S028-cfDNA_S7_L002_R1_001.fastq.gz])
Jun-19 10:23:42.439 [Task monitor] DEBUG n.processor.TaskPollingMonitor - Task completed > TaskHandler[jobId: 1159243.cclc01.som.ucsf.edu; id: 27; name: Combine (Merging [H020-cfDNA_S28_L001_R1_001.fastq.gz, H020-cfDNA_S28_L002_R1_001.fastq.gz]); status: COMPLETED; exit: 0; error: -; workDir: /wittelab/data2/sequencing/workflows/combine/work/54/843a3a61dc75cbfa3ac4d8cb8a61f0 started: 1529428937871; exited: 2018-06-19T17:23:34Z; ]
Jun-19 10:23:58.561 [Task submitter] DEBUG nextflow.executor.GridTaskHandler - [PBS] submitted process Combine (Merging [H004-cfDNA_S16_L001_R1_001.fastq.gz, H004-cfDNA_S16_L002_R1_001.fastq.gz]) > jobId: 1159264.cclc01.som.ucsf.edu; workDir: /wittelab/data2/sequencing/workflows/combine/work/da/40d71cfdae921907705c329ab00e9d
Jun-19 10:23:58.665 [Task submitter] INFO  nextflow.Session - [da/40d71c] Submitted process > Combine (Merging [H004-cfDNA_S16_L001_R1_001.fastq.gz, H004-cfDNA_S16_L002_R1_001.fastq.gz])
Jun-19 10:24:22.043 [Task monitor] DEBUG n.processor.TaskPollingMonitor - Task completed > TaskHandler[jobId: 1159250.cclc01.som.ucsf.edu; id: 31; name: Combine (Merging [S064-cfDNA_S23_L001_R1_001.fastq.gz, S064-cfDNA_S23_L002_R1_001.fastq.gz]); status: COMPLETED; exit: 0; error: -; workDir: /wittelab/data2/sequencing/workflows/combine/work/33/0fab7ad2f476b5d5e80d79e2d85931 started: 1529428957510; exited: 2018-06-19T17:24:14Z; ]
Jun-19 10:24:30.020 [Task submitter] DEBUG nextflow.executor.GridTaskHandler - [PBS] submitted process Combine (Merging [H018-cfDNA_S17_L001_R1_001.fastq.gz, H018-cfDNA_S17_L002_R1_001.fastq.gz]) > jobId: 1159265.cclc01.som.ucsf.edu; workDir: /wittelab/data2/sequencing/workflows/combine/work/a9/c590359e482a4a388934d633217617
Jun-19 10:24:30.267 [Task submitter] INFO  nextflow.Session - [a9/c59035] Submitted process > Combine (Merging [H018-cfDNA_S17_L001_R1_001.fastq.gz, H018-cfDNA_S17_L002_R1_001.fastq.gz])
Jun-19 10:24:43.458 [Task monitor] DEBUG n.processor.TaskPollingMonitor - Task completed > TaskHandler[jobId: 1159253.cclc01.som.ucsf.edu; id: 33; name: Combine (Merging [S067-cfDNA_S24_L001_R1_001.fastq.gz, S067-cfDNA_S24_L002_R1_001.fastq.gz]); status: COMPLETED; exit: 0; error: -; workDir: /wittelab/data2/sequencing/workflows/combine/work/69/b6ebb35f555a238b866be1d9937305 started: 1529428959449; exited: 2018-06-19T17:24:38Z; ]
Jun-19 10:24:50.995 [Task submitter] DEBUG nextflow.executor.GridTaskHandler - [PBS] submitted process Combine (Merging [S029-cfDNA_S8_L001_R2_001.fastq.gz, S029-cfDNA_S8_L002_R2_001.fastq.gz]) > jobId: 1159266.cclc01.som.ucsf.edu; workDir: /wittelab/data2/sequencing/workflows/combine/work/11/a096bbc870b983a1be1d3260576d1f
Jun-19 10:24:51.047 [Task submitter] INFO  nextflow.Session - [11/a096bb] Submitted process > Combine (Merging [S029-cfDNA_S8_L001_R2_001.fastq.gz, S029-cfDNA_S8_L002_R2_001.fastq.gz])
Jun-19 10:25:43.995 [Task monitor] DEBUG n.processor.TaskPollingMonitor - !! executor pbs > tasks to be completed: 25 -- pending tasks are shown below
~> TaskHandler[jobId: 1159233.cclc01.som.ucsf.edu; id: 11; name: Combine (Merging [S036-cfDNA_S15_L001_R1_001.fastq.gz, S036-cfDNA_S15_L002_R1_001.fastq.gz]); status: RUNNING; exit: -; error: -; workDir: /wittelab/data2/sequencing/workflows/combine/work/eb/629dee31c6df538bdc34256335d510 started: 1529428841246; exited: -; ]
~> TaskHandler[jobId: 1159234.cclc01.som.ucsf.edu; id: 29; name: Combine (Merging [S027-cfDNA_S22_L001_R1_001.fastq.gz, S027-cfDNA_S22_L002_R1_001.fastq.gz]); status: RUNNING; exit: -; error: -; workDir: /wittelab/data2/sequencing/workflows/combine/work/af/4a69020eb7c920b21ae991ac6f851d started: 1529428841549; exited: -; ]
~> TaskHandler[jobId: 1159235.cclc01.som.ucsf.edu; id: 6; name: Combine (Merging [S028-cfDNA_S7_L001_R2_001.fastq.gz, S028-cfDNA_S7_L002_R2_001.fastq.gz]); status: RUNNING; exit: -; error: -; workDir: /wittelab/data2/sequencing/workflows/combine/work/84/8fda549cc365699fd17a3bd0887114 started: 1529428871630; exited: -; ]
~> TaskHandler[jobId: 1159236.cclc01.som.ucsf.edu; id: 44; name: Combine (Merging [S116-cfDNA_S21_L001_R2_001.fastq.gz, S116-cfDNA_S21_L002_R2_001.fastq.gz]); status: RUNNING; exit: -; error: -; workDir: /wittelab/data2/sequencing/workflows/combine/work/b5/f2a551fce377d093bbdb0512c878b8 started: 1529428872050; exited: -; ]
~> TaskHandler[jobId: 1159239.cclc01.som.ucsf.edu; id: 1; name: Combine (Merging [H004-cfDNA_S16_L001_R2_001.fastq.gz, H004-cfDNA_S16_L002_R2_001.fastq.gz]); status: RUNNING; exit: -; error: -; workDir: /wittelab/data2/sequencing/workflows/combine/work/b4/e67d6c8ff83e47f59cec2a2dd7fd82 started: 1529428872550; exited: -; ]
~> TaskHandler[jobId: 1159242.cclc01.som.ucsf.edu; id: 16; name: Combine (Merging [S058-cfDNA_S11_L001_R2_001.fastq.gz, S058-cfDNA_S11_L002_R2_001.fastq.gz]); status: RUNNING; exit: -; error: -; workDir: /wittelab/data2/sequencing/workflows/combine/work/65/23067ff74def1d4e47351ca5ed05e1 started: 1529428873428; exited: -; ]
~> TaskHandler[jobId: 1159245.cclc01.som.ucsf.edu; id: 10; name: Combine (Merging [S030-cfDNA_S9_L001_R2_001.fastq.gz, S030-cfDNA_S9_L002_R2_001.fastq.gz]); status: RUNNING; exit: -; error: -; workDir: /wittelab/data2/sequencing/workflows/combine/work/b6/3376007e08a7fc942506a8f9eaf794 started: 1529428891272; exited: -; ]
~> TaskHandler[jobId: 1159246.cclc01.som.ucsf.edu; id: 15; name: Combine (Merging [S058-cfDNA_S11_L001_R1_001.fastq.gz, S058-cfDNA_S11_L002_R1_001.fastq.gz]); status: RUNNING; exit: -; error: -; workDir: /wittelab/data2/sequencing/workflows/combine/work/98/20a30784270b8a1aa792ff651ec221 started: 1529428943013; exited: -; ]
~> TaskHandler[jobId: 1159248.cclc01.som.ucsf.edu; id: 18; name: Combine (Merging [S063-cfDNA_S12_L001_R2_001.fastq.gz, S063-cfDNA_S12_L002_R2_001.fastq.gz]); status: RUNNING; exit: -; error: -; workDir: /wittelab/data2/sequencing/workflows/combine/work/0e/2d1647b6fe79619de3f04555151e07 started: 1529428911280; exited: -; ]
~> TaskHandler[jobId: 1159249.cclc01.som.ucsf.edu; id: 34; name: Combine (Merging [S067-cfDNA_S24_L001_R2_001.fastq.gz, S067-cfDNA_S24_L002_R2_001.fastq.gz]); status: RUNNING; exit: -; error: -; workDir: /wittelab/data2/sequencing/workflows/combine/work/43/5daacec4db4a9d7d71e61c71010ba4 started: 1529428956929; exited: -; ]
.. remaining tasks omitted.
Jun-19 10:25:55.921 [Task monitor] DEBUG n.processor.TaskPollingMonitor - Task completed > TaskHandler[jobId: 1159259.cclc01.som.ucsf.edu; id: 38; name: Combine (Merging [S078-cfDNA_S26_L001_R2_001.fastq.gz, S078-cfDNA_S26_L002_R2_001.fastq.gz]); status: COMPLETED; exit: 0; error: -; workDir: /wittelab/data2/sequencing/workflows/combine/work/66/10eae5a30537d113275a9e760acb24 started: 1529428984272; exited: 2018-06-19T17:25:42Z; ]
Jun-19 10:26:08.527 [Task monitor] DEBUG n.processor.TaskPollingMonitor - Task completed > TaskHandler[jobId: 1159260.cclc01.som.ucsf.edu; id: 39; name: Combine (Merging [S114-cfDNA_S19_L001_R1_001.fastq.gz, S114-cfDNA_S19_L002_R1_001.fastq.gz]); status: COMPLETED; exit: 0; error: -; workDir: /wittelab/data2/sequencing/workflows/combine/work/cd/fd0c87ebc52c452b231e14eaa30890 started: 1529429005774; exited: 2018-06-19T17:26:03Z; ]
Jun-19 10:26:13.907 [Task submitter] DEBUG nextflow.executor.GridTaskHandler - [PBS] submitted process Combine (Merging [S078-cfDNA_S26_L001_R1_001.fastq.gz, S078-cfDNA_S26_L002_R1_001.fastq.gz]) > jobId: 1159267.cclc01.som.ucsf.edu; workDir: /wittelab/data2/sequencing/workflows/combine/work/ba/4f5518e30e5f190a9a384f96ff3070
Jun-19 10:26:13.908 [Task submitter] INFO  nextflow.Session - [ba/4f5518] Submitted process > Combine (Merging [S078-cfDNA_S26_L001_R1_001.fastq.gz, S078-cfDNA_S26_L002_R1_001.fastq.gz])
Jun-19 10:26:15.761 [Task submitter] DEBUG n.processor.TaskPollingMonitor - %% executor pbs > tasks in the submission queue: 9 -- tasks to be submitted are shown below
~> TaskHandler[jobId: null; id: 36; name: Combine (Merging [S074-cfDNA_S25_L001_R2_001.fastq.gz, S074-cfDNA_S25_L002_R2_001.fastq.gz]); status: NEW; exit: -; error: -; workDir: /wittelab/data2/sequencing/workflows/combine/work/8f/c5856319e8ee1868c1b78c99db1b87 started: -; exited: -; ]
~> TaskHandler[jobId: null; id: 20; name: Combine (Merging [S076-cfDNA_S13_L001_R2_001.fastq.gz, S076-cfDNA_S13_L002_R2_001.fastq.gz]); status: NEW; exit: -; error: -; workDir: /wittelab/data2/sequencing/workflows/combine/work/d8/2965fae9a12d2666a59900e1bac5ba started: -; exited: -; ]
~> TaskHandler[jobId: null; id: 4; name: Combine (Merging [H018-cfDNA_S17_L001_R2_001.fastq.gz, H018-cfDNA_S17_L002_R2_001.fastq.gz]); status: NEW; exit: -; error: -; workDir: /wittelab/data2/sequencing/workflows/combine/work/8f/029197177db59af914c95067624ddb started: -; exited: -; ]
~> TaskHandler[jobId: null; id: 43; name: Combine (Merging [S116-cfDNA_S21_L001_R1_001.fastq.gz, S116-cfDNA_S21_L002_R1_001.fastq.gz]); status: NEW; exit: -; error: -; workDir: /wittelab/data2/sequencing/workflows/combine/work/6b/19bc4c03e4a2b0408807d38616692f started: -; exited: -; ]
~> TaskHandler[jobId: null; id: 32; name: Combine (Merging [S064-cfDNA_S23_L001_R2_001.fastq.gz, S064-cfDNA_S23_L002_R2_001.fastq.gz]); status: NEW; exit: -; error: -; workDir: /wittelab/data2/sequencing/workflows/combine/work/d4/aa2d4a998d31cf7ae2de62147fec83 started: -; exited: -; ]
~> TaskHandler[jobId: null; id: 13; name: Combine (Merging [S038-cfDNA_S10_L001_R1_001.fastq.gz, S038-cfDNA_S10_L002_R1_001.fastq.gz]); status: NEW; exit: -; error: -; workDir: /wittelab/data2/sequencing/workflows/combine/work/1d/58a0dad1a878a177e01630943059d5 started: -; exited: -; ]
~> TaskHandler[jobId: null; id: 25; name: Combine (Merging [H019-cfDNA_S27_L001_R1_001.fastq.gz, H019-cfDNA_S27_L002_R1_001.fastq.gz]); status: NEW; exit: -; error: -; workDir: /wittelab/data2/sequencing/workflows/combine/work/58/6d22cbae6c8416ed8692c4ebcbeb32 started: -; exited: -; ]
~> TaskHandler[jobId: null; id: 28; name: Combine (Merging [H020-cfDNA_S28_L001_R2_001.fastq.gz, H020-cfDNA_S28_L002_R2_001.fastq.gz]); status: NEW; exit: -; error: -; workDir: /wittelab/data2/sequencing/workflows/combine/work/a1/16bec2c51d9cbe6faca075e1a23fee started: -; exited: -; ]
~> TaskHandler[jobId: null; id: 12; name: Combine (Merging [S036-cfDNA_S15_L001_R2_001.fastq.gz, S036-cfDNA_S15_L002_R2_001.fastq.gz]); status: NEW; exit: -; error: -; workDir: /wittelab/data2/sequencing/workflows/combine/work/28/45aa7f6f9119c76ba19a5c100232e8 started: -; exited: -; ]
Jun-19 10:26:16.875 [Task monitor] DEBUG n.processor.TaskPollingMonitor - Task completed > TaskHandler[jobId: 1159263.cclc01.som.ucsf.edu; id: 5; name: Combine (Merging [S028-cfDNA_S7_L001_R1_001.fastq.gz, S028-cfDNA_S7_L002_R1_001.fastq.gz]); status: COMPLETED; exit: 0; error: -; workDir: /wittelab/data2/sequencing/workflows/combine/work/d5/e45c649d67bae46829464c657303de started: 1529429084126; exited: 2018-06-19T17:26:04Z; ]
Jun-19 10:26:44.004 [Task submitter] DEBUG nextflow.executor.GridTaskHandler - [PBS] submitted process Combine (Merging [S074-cfDNA_S25_L001_R2_001.fastq.gz, S074-cfDNA_S25_L002_R2_001.fastq.gz]) > jobId: 1159268.cclc01.som.ucsf.edu; workDir: /wittelab/data2/sequencing/workflows/combine/work/8f/c5856319e8ee1868c1b78c99db1b87
Jun-19 10:26:44.026 [Task submitter] INFO  nextflow.Session - [8f/c58563] Submitted process > Combine (Merging [S074-cfDNA_S25_L001_R2_001.fastq.gz, S074-cfDNA_S25_L002_R2_001.fastq.gz])
Jun-19 10:26:44.068 [Task monitor] DEBUG n.processor.TaskPollingMonitor - Task completed > TaskHandler[jobId: 1159264.cclc01.som.ucsf.edu; id: 3; name: Combine (Merging [H004-cfDNA_S16_L001_R1_001.fastq.gz, H004-cfDNA_S16_L002_R1_001.fastq.gz]); status: COMPLETED; exit: 0; error: -; workDir: /wittelab/data2/sequencing/workflows/combine/work/da/40d71cfdae921907705c329ab00e9d started: 1529429118877; exited: 2018-06-19T17:26:29Z; ]
Jun-19 10:26:50.983 [Task submitter] DEBUG nextflow.executor.GridTaskHandler - [PBS] submitted process Combine (Merging [S076-cfDNA_S13_L001_R2_001.fastq.gz, S076-cfDNA_S13_L002_R2_001.fastq.gz]) > jobId: 1159269.cclc01.som.ucsf.edu; workDir: /wittelab/data2/sequencing/workflows/combine/work/d8/2965fae9a12d2666a59900e1bac5ba
Jun-19 10:26:51.043 [Task submitter] INFO  nextflow.Session - [d8/2965fa] Submitted process > Combine (Merging [S076-cfDNA_S13_L001_R2_001.fastq.gz, S076-cfDNA_S13_L002_R2_001.fastq.gz])
Jun-19 10:26:51.410 [Task monitor] DEBUG n.processor.TaskPollingMonitor - Task completed > TaskHandler[jobId: 1159265.cclc01.som.ucsf.edu; id: 2; name: Combine (Merging [H018-cfDNA_S17_L001_R1_001.fastq.gz, H018-cfDNA_S17_L002_R1_001.fastq.gz]); status: COMPLETED; exit: 0; error: -; workDir: /wittelab/data2/sequencing/workflows/combine/work/a9/c590359e482a4a388934d633217617 started: 1529429097421; exited: 2018-06-19T17:26:32Z; ]
Jun-19 10:27:06.762 [Task submitter] DEBUG nextflow.executor.GridTaskHandler - [PBS] submitted process Combine (Merging [H018-cfDNA_S17_L001_R2_001.fastq.gz, H018-cfDNA_S17_L002_R2_001.fastq.gz]) > jobId: 1159270.cclc01.som.ucsf.edu; workDir: /wittelab/data2/sequencing/workflows/combine/work/8f/029197177db59af914c95067624ddb
Jun-19 10:27:06.833 [Task submitter] INFO  nextflow.Session - [8f/029197] Submitted process > Combine (Merging [H018-cfDNA_S17_L001_R2_001.fastq.gz, H018-cfDNA_S17_L002_R2_001.fastq.gz])
Jun-19 10:27:07.632 [Task monitor] DEBUG n.processor.TaskPollingMonitor - Task completed > TaskHandler[jobId: 1159266.cclc01.som.ucsf.edu; id: 8; name: Combine (Merging [S029-cfDNA_S8_L001_R2_001.fastq.gz, S029-cfDNA_S8_L002_R2_001.fastq.gz]); status: COMPLETED; exit: 0; error: -; workDir: /wittelab/data2/sequencing/workflows/combine/work/11/a096bbc870b983a1be1d3260576d1f started: 1529429119067; exited: 2018-06-19T17:26:40Z; ]
Jun-19 10:27:10.669 [Task submitter] DEBUG nextflow.executor.GridTaskHandler - [PBS] submitted process Combine (Merging [S116-cfDNA_S21_L001_R1_001.fastq.gz, S116-cfDNA_S21_L002_R1_001.fastq.gz]) > jobId: 1159271.cclc01.som.ucsf.edu; workDir: /wittelab/data2/sequencing/workflows/combine/work/6b/19bc4c03e4a2b0408807d38616692f
Jun-19 10:27:10.670 [Task submitter] INFO  nextflow.Session - [6b/19bc4c] Submitted process > Combine (Merging [S116-cfDNA_S21_L001_R1_001.fastq.gz, S116-cfDNA_S21_L002_R1_001.fastq.gz])
Jun-19 10:27:18.383 [Task submitter] DEBUG nextflow.executor.GridTaskHandler - [PBS] submitted process Combine (Merging [S064-cfDNA_S23_L001_R2_001.fastq.gz, S064-cfDNA_S23_L002_R2_001.fastq.gz]) > jobId: 1159272.cclc01.som.ucsf.edu; workDir: /wittelab/data2/sequencing/workflows/combine/work/d4/aa2d4a998d31cf7ae2de62147fec83
Jun-19 10:27:18.443 [Task submitter] INFO  nextflow.Session - [d4/aa2d4a] Submitted process > Combine (Merging [S064-cfDNA_S23_L001_R2_001.fastq.gz, S064-cfDNA_S23_L002_R2_001.fastq.gz])
Jun-19 10:27:21.973 [Task monitor] DEBUG n.processor.TaskPollingMonitor - Task completed > TaskHandler[jobId: 1159245.cclc01.som.ucsf.edu; id: 10; name: Combine (Merging [S030-cfDNA_S9_L001_R2_001.fastq.gz, S030-cfDNA_S9_L002_R2_001.fastq.gz]); status: COMPLETED; exit: 0; error: -; workDir: /wittelab/data2/sequencing/workflows/combine/work/b6/3376007e08a7fc942506a8f9eaf794 started: 1529428891272; exited: 2018-06-19T17:26:30Z; ]
Jun-19 10:27:22.222 [Task monitor] DEBUG n.processor.TaskPollingMonitor - Task completed > TaskHandler[jobId: 1159248.cclc01.som.ucsf.edu; id: 18; name: Combine (Merging [S063-cfDNA_S12_L001_R2_001.fastq.gz, S063-cfDNA_S12_L002_R2_001.fastq.gz]); status: COMPLETED; exit: 0; error: -; workDir: /wittelab/data2/sequencing/workflows/combine/work/0e/2d1647b6fe79619de3f04555151e07 started: 1529428911280; exited: 2018-06-19T17:26:45Z; ]
Jun-19 10:27:30.808 [Task submitter] DEBUG nextflow.executor.GridTaskHandler - [PBS] submitted process Combine (Merging [S038-cfDNA_S10_L001_R1_001.fastq.gz, S038-cfDNA_S10_L002_R1_001.fastq.gz]) > jobId: 1159273.cclc01.som.ucsf.edu; workDir: /wittelab/data2/sequencing/workflows/combine/work/1d/58a0dad1a878a177e01630943059d5
Jun-19 10:27:30.809 [Task submitter] INFO  nextflow.Session - [1d/58a0da] Submitted process > Combine (Merging [S038-cfDNA_S10_L001_R1_001.fastq.gz, S038-cfDNA_S10_L002_R1_001.fastq.gz])
Jun-19 10:27:30.820 [Task monitor] DEBUG n.processor.TaskPollingMonitor - Task completed > TaskHandler[jobId: 1159251.cclc01.som.ucsf.edu; id: 7; name: Combine (Merging [S029-cfDNA_S8_L001_R1_001.fastq.gz, S029-cfDNA_S8_L002_R1_001.fastq.gz]); status: COMPLETED; exit: 0; error: -; workDir: /wittelab/data2/sequencing/workflows/combine/work/da/76830001bf7da6991323940ee9ae71 started: 1529428926365; exited: 2018-06-19T17:26:40Z; ]
Jun-19 10:27:39.840 [Task submitter] DEBUG nextflow.executor.GridTaskHandler - [PBS] submitted process Combine (Merging [H019-cfDNA_S27_L001_R1_001.fastq.gz, H019-cfDNA_S27_L002_R1_001.fastq.gz]) > jobId: 1159274.cclc01.som.ucsf.edu; workDir: /wittelab/data2/sequencing/workflows/combine/work/58/6d22cbae6c8416ed8692c4ebcbeb32
Jun-19 10:27:39.842 [Task submitter] INFO  nextflow.Session - [58/6d22cb] Submitted process > Combine (Merging [H019-cfDNA_S27_L001_R1_001.fastq.gz, H019-cfDNA_S27_L002_R1_001.fastq.gz])
Jun-19 10:27:39.854 [Task monitor] DEBUG n.processor.TaskPollingMonitor - Task completed > TaskHandler[jobId: 1159254.cclc01.som.ucsf.edu; id: 14; name: Combine (Merging [S038-cfDNA_S10_L001_R2_001.fastq.gz, S038-cfDNA_S10_L002_R2_001.fastq.gz]); status: COMPLETED; exit: 0; error: -; workDir: /wittelab/data2/sequencing/workflows/combine/work/21/2afc4283d3f6e944641bc2f4df5879 started: 1529428933362; exited: 2018-06-19T17:27:20Z; ]
Jun-19 10:27:50.777 [Task submitter] DEBUG nextflow.executor.GridTaskHandler - [PBS] submitted process Combine (Merging [H020-cfDNA_S28_L001_R2_001.fastq.gz, H020-cfDNA_S28_L002_R2_001.fastq.gz]) > jobId: 1159275.cclc01.som.ucsf.edu; workDir: /wittelab/data2/sequencing/workflows/combine/work/a1/16bec2c51d9cbe6faca075e1a23fee
Jun-19 10:27:50.778 [Task submitter] INFO  nextflow.Session - [a1/16bec2] Submitted process > Combine (Merging [H020-cfDNA_S28_L001_R2_001.fastq.gz, H020-cfDNA_S28_L002_R2_001.fastq.gz])
Jun-19 10:27:50.790 [Task monitor] DEBUG n.processor.TaskPollingMonitor - Task completed > TaskHandler[jobId: 1159256.cclc01.som.ucsf.edu; id: 42; name: Combine (Merging [S115-cfDNA_S20_L001_R2_001.fastq.gz, S115-cfDNA_S20_L002_R2_001.fastq.gz]); status: COMPLETED; exit: 0; error: -; workDir: /wittelab/data2/sequencing/workflows/combine/work/7a/a0f9cce7bca7d290621ee5158400a9 started: 1529428933459; exited: 2018-06-19T17:26:29Z; ]
Jun-19 10:27:55.268 [Task submitter] DEBUG nextflow.executor.GridTaskHandler - [PBS] submitted process Combine (Merging [S036-cfDNA_S15_L001_R2_001.fastq.gz, S036-cfDNA_S15_L002_R2_001.fastq.gz]) > jobId: 1159276.cclc01.som.ucsf.edu; workDir: /wittelab/data2/sequencing/workflows/combine/work/28/45aa7f6f9119c76ba19a5c100232e8
Jun-19 10:27:55.285 [Task submitter] INFO  nextflow.Session - [28/45aa7f] Submitted process > Combine (Merging [S036-cfDNA_S15_L001_R2_001.fastq.gz, S036-cfDNA_S15_L002_R2_001.fastq.gz])
Jun-19 10:27:55.304 [Task monitor] DEBUG n.processor.TaskPollingMonitor - Task completed > TaskHandler[jobId: 1159258.cclc01.som.ucsf.edu; id: 40; name: Combine (Merging [S114-cfDNA_S19_L001_R2_001.fastq.gz, S114-cfDNA_S19_L002_R2_001.fastq.gz]); status: COMPLETED; exit: 0; error: -; workDir: /wittelab/data2/sequencing/workflows/combine/work/18/b2c461a129f4832f9ccffefd57e441 started: 1529428943591; exited: 2018-06-19T17:27:17Z; ]
Jun-19 10:27:55.315 [Task monitor] DEBUG n.processor.TaskPollingMonitor - Task completed > TaskHandler[jobId: 1159261.cclc01.som.ucsf.edu; id: 24; name: Combine (Merging [F113-cfDNA_S18_L001_R2_001.fastq.gz, F113-cfDNA_S18_L002_R2_001.fastq.gz]); status: COMPLETED; exit: 0; error: -; workDir: /wittelab/data2/sequencing/workflows/combine/work/13/31a67cb20613c75df5a5ba5b90fe80 started: 1529428985283; exited: 2018-06-19T17:27:27Z; ]
Jun-19 10:27:55.328 [Task monitor] DEBUG n.processor.TaskPollingMonitor - Task completed > TaskHandler[jobId: 1159262.cclc01.som.ucsf.edu; id: 21; name: Combine (Merging [S083-cfDNA_S14_L001_R1_001.fastq.gz, S083-cfDNA_S14_L002_R1_001.fastq.gz]); status: COMPLETED; exit: 0; error: -; workDir: /wittelab/data2/sequencing/workflows/combine/work/be/90cd47ffcb9a1b973da0946b5d7266 started: 1529428986112; exited: 2018-06-19T17:26:19Z; ]
Jun-19 10:27:55.340 [Task monitor] DEBUG n.processor.TaskPollingMonitor - Task completed > TaskHandler[jobId: 1159267.cclc01.som.ucsf.edu; id: 37; name: Combine (Merging [S078-cfDNA_S26_L001_R1_001.fastq.gz, S078-cfDNA_S26_L002_R1_001.fastq.gz]); status: COMPLETED; exit: 0; error: -; workDir: /wittelab/data2/sequencing/workflows/combine/work/ba/4f5518e30e5f190a9a384f96ff3070 started: 1529429231789; exited: 2018-06-19T17:27:29Z; ]
Jun-19 10:28:17.057 [Task monitor] DEBUG n.processor.TaskPollingMonitor - Task completed > TaskHandler[jobId: 1159268.cclc01.som.ucsf.edu; id: 36; name: Combine (Merging [S074-cfDNA_S25_L001_R2_001.fastq.gz, S074-cfDNA_S25_L002_R2_001.fastq.gz]); status: COMPLETED; exit: 0; error: -; workDir: /wittelab/data2/sequencing/workflows/combine/work/8f/c5856319e8ee1868c1b78c99db1b87 started: 1529429240732; exited: 2018-06-19T17:28:13Z; ]
Jun-19 10:28:34.544 [Task monitor] DEBUG n.processor.TaskPollingMonitor - Task completed > TaskHandler[jobId: 1159269.cclc01.som.ucsf.edu; id: 20; name: Combine (Merging [S076-cfDNA_S13_L001_R2_001.fastq.gz, S076-cfDNA_S13_L002_R2_001.fastq.gz]); status: COMPLETED; exit: 0; error: -; workDir: /wittelab/data2/sequencing/workflows/combine/work/d8/2965fae9a12d2666a59900e1bac5ba started: 1529429241233; exited: 2018-06-19T17:28:23Z; ]
Jun-19 10:28:40.384 [Task monitor] DEBUG n.processor.TaskPollingMonitor - Task completed > TaskHandler[jobId: 1159271.cclc01.som.ucsf.edu; id: 43; name: Combine (Merging [S116-cfDNA_S21_L001_R1_001.fastq.gz, S116-cfDNA_S21_L002_R1_001.fastq.gz]); status: COMPLETED; exit: 0; error: -; workDir: /wittelab/data2/sequencing/workflows/combine/work/6b/19bc4c03e4a2b0408807d38616692f started: 1529429275358; exited: 2018-06-19T17:28:39Z; ]
Jun-19 10:28:56.278 [Task monitor] DEBUG n.processor.TaskPollingMonitor - Task completed > TaskHandler[jobId: 1159270.cclc01.som.ucsf.edu; id: 4; name: Combine (Merging [H018-cfDNA_S17_L001_R2_001.fastq.gz, H018-cfDNA_S17_L002_R2_001.fastq.gz]); status: COMPLETED; exit: 0; error: -; workDir: /wittelab/data2/sequencing/workflows/combine/work/8f/029197177db59af914c95067624ddb started: 1529429275351; exited: 2018-06-19T17:28:52Z; ]
Jun-19 10:29:39.826 [Task monitor] DEBUG n.processor.TaskPollingMonitor - Task completed > TaskHandler[jobId: 1159272.cclc01.som.ucsf.edu; id: 32; name: Combine (Merging [S064-cfDNA_S23_L001_R2_001.fastq.gz, S064-cfDNA_S23_L002_R2_001.fastq.gz]); status: COMPLETED; exit: 0; error: -; workDir: /wittelab/data2/sequencing/workflows/combine/work/d4/aa2d4a998d31cf7ae2de62147fec83 started: 1529429275369; exited: 2018-06-19T17:29:08Z; ]
Jun-19 10:29:40.239 [Task monitor] DEBUG n.processor.TaskPollingMonitor - Task completed > TaskHandler[jobId: 1159273.cclc01.som.ucsf.edu; id: 13; name: Combine (Merging [S038-cfDNA_S10_L001_R1_001.fastq.gz, S038-cfDNA_S10_L002_R1_001.fastq.gz]); status: COMPLETED; exit: 0; error: -; workDir: /wittelab/data2/sequencing/workflows/combine/work/1d/58a0dad1a878a177e01630943059d5 started: 1529429275372; exited: 2018-06-19T17:29:14Z; ]
Jun-19 10:29:50.724 [Task monitor] DEBUG n.processor.TaskPollingMonitor - Task completed > TaskHandler[jobId: 1159275.cclc01.som.ucsf.edu; id: 28; name: Combine (Merging [H020-cfDNA_S28_L001_R2_001.fastq.gz, H020-cfDNA_S28_L002_R2_001.fastq.gz]); status: COMPLETED; exit: 0; error: -; workDir: /wittelab/data2/sequencing/workflows/combine/work/a1/16bec2c51d9cbe6faca075e1a23fee started: 1529429350687; exited: 2018-06-19T17:29:45Z; ]
Jun-19 10:30:15.717 [Task monitor] DEBUG n.processor.TaskPollingMonitor - Task completed > TaskHandler[jobId: 1159274.cclc01.som.ucsf.edu; id: 25; name: Combine (Merging [H019-cfDNA_S27_L001_R1_001.fastq.gz, H019-cfDNA_S27_L002_R1_001.fastq.gz]); status: COMPLETED; exit: 0; error: -; workDir: /wittelab/data2/sequencing/workflows/combine/work/58/6d22cbae6c8416ed8692c4ebcbeb32 started: 1529429314660; exited: 2018-06-19T17:30:12Z; ]
Jun-19 10:30:20.625 [Task monitor] DEBUG n.processor.TaskPollingMonitor - Task completed > TaskHandler[jobId: 1159276.cclc01.som.ucsf.edu; id: 12; name: Combine (Merging [S036-cfDNA_S15_L001_R2_001.fastq.gz, S036-cfDNA_S15_L002_R2_001.fastq.gz]); status: COMPLETED; exit: 0; error: -; workDir: /wittelab/data2/sequencing/workflows/combine/work/28/45aa7f6f9119c76ba19a5c100232e8 started: 1529429325381; exited: 2018-06-19T17:30:18Z; ]
Jun-19 10:30:45.639 [Task monitor] DEBUG n.processor.TaskPollingMonitor - !! executor pbs > tasks to be completed: 11 -- pending tasks are shown below
~> TaskHandler[jobId: 1159233.cclc01.som.ucsf.edu; id: 11; name: Combine (Merging [S036-cfDNA_S15_L001_R1_001.fastq.gz, S036-cfDNA_S15_L002_R1_001.fastq.gz]); status: RUNNING; exit: -; error: -; workDir: /wittelab/data2/sequencing/workflows/combine/work/eb/629dee31c6df538bdc34256335d510 started: 1529428841246; exited: -; ]
~> TaskHandler[jobId: 1159234.cclc01.som.ucsf.edu; id: 29; name: Combine (Merging [S027-cfDNA_S22_L001_R1_001.fastq.gz, S027-cfDNA_S22_L002_R1_001.fastq.gz]); status: RUNNING; exit: -; error: -; workDir: /wittelab/data2/sequencing/workflows/combine/work/af/4a69020eb7c920b21ae991ac6f851d started: 1529428841549; exited: -; ]
~> TaskHandler[jobId: 1159235.cclc01.som.ucsf.edu; id: 6; name: Combine (Merging [S028-cfDNA_S7_L001_R2_001.fastq.gz, S028-cfDNA_S7_L002_R2_001.fastq.gz]); status: RUNNING; exit: -; error: -; workDir: /wittelab/data2/sequencing/workflows/combine/work/84/8fda549cc365699fd17a3bd0887114 started: 1529428871630; exited: -; ]
~> TaskHandler[jobId: 1159236.cclc01.som.ucsf.edu; id: 44; name: Combine (Merging [S116-cfDNA_S21_L001_R2_001.fastq.gz, S116-cfDNA_S21_L002_R2_001.fastq.gz]); status: RUNNING; exit: -; error: -; workDir: /wittelab/data2/sequencing/workflows/combine/work/b5/f2a551fce377d093bbdb0512c878b8 started: 1529428872050; exited: -; ]
~> TaskHandler[jobId: 1159239.cclc01.som.ucsf.edu; id: 1; name: Combine (Merging [H004-cfDNA_S16_L001_R2_001.fastq.gz, H004-cfDNA_S16_L002_R2_001.fastq.gz]); status: RUNNING; exit: -; error: -; workDir: /wittelab/data2/sequencing/workflows/combine/work/b4/e67d6c8ff83e47f59cec2a2dd7fd82 started: 1529428872550; exited: -; ]
~> TaskHandler[jobId: 1159242.cclc01.som.ucsf.edu; id: 16; name: Combine (Merging [S058-cfDNA_S11_L001_R2_001.fastq.gz, S058-cfDNA_S11_L002_R2_001.fastq.gz]); status: RUNNING; exit: -; error: -; workDir: /wittelab/data2/sequencing/workflows/combine/work/65/23067ff74def1d4e47351ca5ed05e1 started: 1529428873428; exited: -; ]
~> TaskHandler[jobId: 1159246.cclc01.som.ucsf.edu; id: 15; name: Combine (Merging [S058-cfDNA_S11_L001_R1_001.fastq.gz, S058-cfDNA_S11_L002_R1_001.fastq.gz]); status: RUNNING; exit: -; error: -; workDir: /wittelab/data2/sequencing/workflows/combine/work/98/20a30784270b8a1aa792ff651ec221 started: 1529428943013; exited: -; ]
~> TaskHandler[jobId: 1159249.cclc01.som.ucsf.edu; id: 34; name: Combine (Merging [S067-cfDNA_S24_L001_R2_001.fastq.gz, S067-cfDNA_S24_L002_R2_001.fastq.gz]); status: RUNNING; exit: -; error: -; workDir: /wittelab/data2/sequencing/workflows/combine/work/43/5daacec4db4a9d7d71e61c71010ba4 started: 1529428956929; exited: -; ]
~> TaskHandler[jobId: 1159252.cclc01.som.ucsf.edu; id: 9; name: Combine (Merging [S030-cfDNA_S9_L001_R1_001.fastq.gz, S030-cfDNA_S9_L002_R1_001.fastq.gz]); status: RUNNING; exit: -; error: -; workDir: /wittelab/data2/sequencing/workflows/combine/work/09/86586b0f9f2c9d3ccd59aad791c90b started: 1529428958753; exited: -; ]
~> TaskHandler[jobId: 1159255.cclc01.som.ucsf.edu; id: 41; name: Combine (Merging [S115-cfDNA_S20_L001_R1_001.fastq.gz, S115-cfDNA_S20_L002_R1_001.fastq.gz]); status: RUNNING; exit: -; error: -; workDir: /wittelab/data2/sequencing/workflows/combine/work/55/e48846c69cbc021b12cad4b092ae6b started: 1529428959790; exited: -; ]
Jun-19 10:31:20.653 [Task monitor] DEBUG n.processor.TaskPollingMonitor - Task completed > TaskHandler[jobId: 1159239.cclc01.som.ucsf.edu; id: 1; name: Combine (Merging [H004-cfDNA_S16_L001_R2_001.fastq.gz, H004-cfDNA_S16_L002_R2_001.fastq.gz]); status: COMPLETED; exit: 0; error: -; workDir: /wittelab/data2/sequencing/workflows/combine/work/b4/e67d6c8ff83e47f59cec2a2dd7fd82 started: 1529428872550; exited: 2018-06-19T17:30:42Z; ]
Jun-19 10:35:32.903 [Task monitor] DEBUG n.processor.TaskPollingMonitor - Task completed > TaskHandler[jobId: 1159234.cclc01.som.ucsf.edu; id: 29; name: Combine (Merging [S027-cfDNA_S22_L001_R1_001.fastq.gz, S027-cfDNA_S22_L002_R1_001.fastq.gz]); status: COMPLETED; exit: 0; error: -; workDir: /wittelab/data2/sequencing/workflows/combine/work/af/4a69020eb7c920b21ae991ac6f851d started: 1529428841549; exited: 2018-06-19T17:35:20Z; ]
Jun-19 10:35:38.111 [Task monitor] DEBUG n.processor.TaskPollingMonitor - Task completed > TaskHandler[jobId: 1159236.cclc01.som.ucsf.edu; id: 44; name: Combine (Merging [S116-cfDNA_S21_L001_R2_001.fastq.gz, S116-cfDNA_S21_L002_R2_001.fastq.gz]); status: COMPLETED; exit: 0; error: -; workDir: /wittelab/data2/sequencing/workflows/combine/work/b5/f2a551fce377d093bbdb0512c878b8 started: 1529428872050; exited: 2018-06-19T17:35:04Z; ]
Jun-19 10:35:38.118 [Task monitor] DEBUG n.processor.TaskPollingMonitor - Task completed > TaskHandler[jobId: 1159242.cclc01.som.ucsf.edu; id: 16; name: Combine (Merging [S058-cfDNA_S11_L001_R2_001.fastq.gz, S058-cfDNA_S11_L002_R2_001.fastq.gz]); status: COMPLETED; exit: 0; error: -; workDir: /wittelab/data2/sequencing/workflows/combine/work/65/23067ff74def1d4e47351ca5ed05e1 started: 1529428873428; exited: 2018-06-19T17:35:30Z; ]
Jun-19 10:35:47.917 [Task monitor] DEBUG n.processor.TaskPollingMonitor - !! executor pbs > tasks to be completed: 7 -- pending tasks are shown below
~> TaskHandler[jobId: 1159233.cclc01.som.ucsf.edu; id: 11; name: Combine (Merging [S036-cfDNA_S15_L001_R1_001.fastq.gz, S036-cfDNA_S15_L002_R1_001.fastq.gz]); status: RUNNING; exit: -; error: -; workDir: /wittelab/data2/sequencing/workflows/combine/work/eb/629dee31c6df538bdc34256335d510 started: 1529428841246; exited: 2018-06-19T17:35:04Z; ]
~> TaskHandler[jobId: 1159235.cclc01.som.ucsf.edu; id: 6; name: Combine (Merging [S028-cfDNA_S7_L001_R2_001.fastq.gz, S028-cfDNA_S7_L002_R2_001.fastq.gz]); status: RUNNING; exit: -; error: -; workDir: /wittelab/data2/sequencing/workflows/combine/work/84/8fda549cc365699fd17a3bd0887114 started: 1529428871630; exited: -; ]
~> TaskHandler[jobId: 1159246.cclc01.som.ucsf.edu; id: 15; name: Combine (Merging [S058-cfDNA_S11_L001_R1_001.fastq.gz, S058-cfDNA_S11_L002_R1_001.fastq.gz]); status: RUNNING; exit: -; error: -; workDir: /wittelab/data2/sequencing/workflows/combine/work/98/20a30784270b8a1aa792ff651ec221 started: 1529428943013; exited: -; ]
~> TaskHandler[jobId: 1159249.cclc01.som.ucsf.edu; id: 34; name: Combine (Merging [S067-cfDNA_S24_L001_R2_001.fastq.gz, S067-cfDNA_S24_L002_R2_001.fastq.gz]); status: RUNNING; exit: -; error: -; workDir: /wittelab/data2/sequencing/workflows/combine/work/43/5daacec4db4a9d7d71e61c71010ba4 started: 1529428956929; exited: -; ]
~> TaskHandler[jobId: 1159252.cclc01.som.ucsf.edu; id: 9; name: Combine (Merging [S030-cfDNA_S9_L001_R1_001.fastq.gz, S030-cfDNA_S9_L002_R1_001.fastq.gz]); status: RUNNING; exit: -; error: -; workDir: /wittelab/data2/sequencing/workflows/combine/work/09/86586b0f9f2c9d3ccd59aad791c90b started: 1529428958753; exited: -; ]
~> TaskHandler[jobId: 1159255.cclc01.som.ucsf.edu; id: 41; name: Combine (Merging [S115-cfDNA_S20_L001_R1_001.fastq.gz, S115-cfDNA_S20_L002_R1_001.fastq.gz]); status: RUNNING; exit: -; error: -; workDir: /wittelab/data2/sequencing/workflows/combine/work/55/e48846c69cbc021b12cad4b092ae6b started: 1529428959790; exited: -; ]
~> TaskHandler[jobId: 1159257.cclc01.som.ucsf.edu; id: 30; name: Combine (Merging [S027-cfDNA_S22_L001_R2_001.fastq.gz, S027-cfDNA_S22_L002_R2_001.fastq.gz]); status: RUNNING; exit: -; error: -; workDir: /wittelab/data2/sequencing/workflows/combine/work/8f/0540738968154c7be601fc9c493598 started: 1529428960500; exited: -; ]
Jun-19 10:35:47.975 [Task monitor] DEBUG n.processor.TaskPollingMonitor - Task completed > TaskHandler[jobId: 1159233.cclc01.som.ucsf.edu; id: 11; name: Combine (Merging [S036-cfDNA_S15_L001_R1_001.fastq.gz, S036-cfDNA_S15_L002_R1_001.fastq.gz]); status: COMPLETED; exit: 0; error: -; workDir: /wittelab/data2/sequencing/workflows/combine/work/eb/629dee31c6df538bdc34256335d510 started: 1529428841246; exited: 2018-06-19T17:35:04Z; ]
Jun-19 10:37:57.986 [Task monitor] DEBUG n.processor.TaskPollingMonitor - Task completed > TaskHandler[jobId: 1159255.cclc01.som.ucsf.edu; id: 41; name: Combine (Merging [S115-cfDNA_S20_L001_R1_001.fastq.gz, S115-cfDNA_S20_L002_R1_001.fastq.gz]); status: COMPLETED; exit: 0; error: -; workDir: /wittelab/data2/sequencing/workflows/combine/work/55/e48846c69cbc021b12cad4b092ae6b started: 1529428959790; exited: 2018-06-19T17:37:56Z; ]
Jun-19 10:38:24.030 [Task monitor] DEBUG n.processor.TaskPollingMonitor - Task completed > TaskHandler[jobId: 1159249.cclc01.som.ucsf.edu; id: 34; name: Combine (Merging [S067-cfDNA_S24_L001_R2_001.fastq.gz, S067-cfDNA_S24_L002_R2_001.fastq.gz]); status: COMPLETED; exit: 0; error: -; workDir: /wittelab/data2/sequencing/workflows/combine/work/43/5daacec4db4a9d7d71e61c71010ba4 started: 1529428956929; exited: 2018-06-19T17:38:02Z; ]
Jun-19 10:38:24.041 [Task monitor] DEBUG n.processor.TaskPollingMonitor - Task completed > TaskHandler[jobId: 1159252.cclc01.som.ucsf.edu; id: 9; name: Combine (Merging [S030-cfDNA_S9_L001_R1_001.fastq.gz, S030-cfDNA_S9_L002_R1_001.fastq.gz]); status: COMPLETED; exit: 0; error: -; workDir: /wittelab/data2/sequencing/workflows/combine/work/09/86586b0f9f2c9d3ccd59aad791c90b started: 1529428958753; exited: 2018-06-19T17:37:55Z; ]
Jun-19 10:38:24.046 [Task monitor] DEBUG nextflow.file.FileHelper - NFS path (true): /wittelab/data2/sequencing/workflows/combine/work
Jun-19 10:38:24.076 [Task monitor] DEBUG n.processor.TaskPollingMonitor - Task completed > TaskHandler[jobId: 1159235.cclc01.som.ucsf.edu; id: 6; name: Combine (Merging [S028-cfDNA_S7_L001_R2_001.fastq.gz, S028-cfDNA_S7_L002_R2_001.fastq.gz]); status: COMPLETED; exit: 0; error: -; workDir: /wittelab/data2/sequencing/workflows/combine/work/84/8fda549cc365699fd17a3bd0887114 started: 1529428871630; exited: 2018-06-19T17:38:02Z; ]
Jun-19 10:38:24.109 [Task monitor] DEBUG n.processor.TaskPollingMonitor - Task completed > TaskHandler[jobId: 1159246.cclc01.som.ucsf.edu; id: 15; name: Combine (Merging [S058-cfDNA_S11_L001_R1_001.fastq.gz, S058-cfDNA_S11_L002_R1_001.fastq.gz]); status: COMPLETED; exit: 0; error: -; workDir: /wittelab/data2/sequencing/workflows/combine/work/98/20a30784270b8a1aa792ff651ec221 started: 1529428943013; exited: 2018-06-19T17:37:45Z; ]
Jun-19 10:38:39.051 [Task monitor] DEBUG n.processor.TaskPollingMonitor - Task completed > TaskHandler[jobId: 1159257.cclc01.som.ucsf.edu; id: 30; name: Combine (Merging [S027-cfDNA_S22_L001_R2_001.fastq.gz, S027-cfDNA_S22_L002_R2_001.fastq.gz]); status: COMPLETED; exit: 0; error: -; workDir: /wittelab/data2/sequencing/workflows/combine/work/8f/0540738968154c7be601fc9c493598 started: 1529428960500; exited: 2018-06-19T17:38:05Z; ]
Jun-19 10:38:39.059 [Actor Thread 3] DEBUG nextflow.Session - <<< barrier arrive (process: Combine)
Jun-19 10:38:39.062 [main] DEBUG nextflow.Session - Session await > all process finished
Jun-19 10:38:44.051 [Task monitor] DEBUG n.processor.TaskPollingMonitor - <<< barrier arrives (monitor: pbs)
Jun-19 10:38:44.054 [main] DEBUG nextflow.Session - Session await > all barriers passed
Jun-19 10:38:50.183 [main] DEBUG nextflow.trace.StatsObserver - Workflow completed > WorkflowStats[succeedCount=44; failedCount=0; ignoredCount=0; cachedCount=0; succeedDuration=4h 1m 15s; failedDuration=0ms; cachedDuration=0ms]
Jun-19 10:38:50.315 [main] DEBUG nextflow.CacheDB - Closing CacheDB done
Jun-19 10:38:50.381 [main] DEBUG nextflow.script.ScriptRunner - > Execution complete -- Goodbye
