N E X T F L O W  ~  version 0.30.0
Launching `process-reads.nf` [elegant_noyce] - revision: a3e62f590f
WARN: It seems you never run this project before -- Option `-resume` is ignored
Using read data matching glob: /wittelab/data2/carioc/cfDNA-combined/to_do/*_L00*.fastq.gz
[warm up] executor > pbs
[eb/629dee] Submitted process > Combine (Merging [S036-cfDNA_S15_L001_R1_001.fastq.gz, S036-cfDNA_S15_L002_R1_001.fastq.gz])
[af/4a6902] Submitted process > Combine (Merging [S027-cfDNA_S22_L001_R1_001.fastq.gz, S027-cfDNA_S22_L002_R1_001.fastq.gz])
[84/8fda54] Submitted process > Combine (Merging [S028-cfDNA_S7_L001_R2_001.fastq.gz, S028-cfDNA_S7_L002_R2_001.fastq.gz])
[b5/f2a551] Submitted process > Combine (Merging [S116-cfDNA_S21_L001_R2_001.fastq.gz, S116-cfDNA_S21_L002_R2_001.fastq.gz])
[e3/23e867] Submitted process > Combine (Merging [S076-cfDNA_S13_L001_R1_001.fastq.gz, S076-cfDNA_S13_L002_R1_001.fastq.gz])
[b2/648c2a] Submitted process > Combine (Merging [S074-cfDNA_S25_L001_R1_001.fastq.gz, S074-cfDNA_S25_L002_R1_001.fastq.gz])
[b4/e67d6c] Submitted process > Combine (Merging [H004-cfDNA_S16_L001_R2_001.fastq.gz, H004-cfDNA_S16_L002_R2_001.fastq.gz])
[32/230c8d] Submitted process > Combine (Merging [S063-cfDNA_S12_L001_R1_001.fastq.gz, S063-cfDNA_S12_L002_R1_001.fastq.gz])
[02/b401dd] Submitted process > Combine (Merging [H019-cfDNA_S27_L001_R2_001.fastq.gz, H019-cfDNA_S27_L002_R2_001.fastq.gz])
[65/23067f] Submitted process > Combine (Merging [S058-cfDNA_S11_L001_R2_001.fastq.gz, S058-cfDNA_S11_L002_R2_001.fastq.gz])
[54/843a3a] Submitted process > Combine (Merging [H020-cfDNA_S28_L001_R1_001.fastq.gz, H020-cfDNA_S28_L002_R1_001.fastq.gz])
[1b/a755a9] Submitted process > Combine (Merging [S083-cfDNA_S14_L001_R2_001.fastq.gz, S083-cfDNA_S14_L002_R2_001.fastq.gz])
[b6/337600] Submitted process > Combine (Merging [S030-cfDNA_S9_L001_R2_001.fastq.gz, S030-cfDNA_S9_L002_R2_001.fastq.gz])
[98/20a307] Submitted process > Combine (Merging [S058-cfDNA_S11_L001_R1_001.fastq.gz, S058-cfDNA_S11_L002_R1_001.fastq.gz])
[65/de2014] Submitted process > Combine (Merging [F113-cfDNA_S18_L001_R1_001.fastq.gz, F113-cfDNA_S18_L002_R1_001.fastq.gz])
[0e/2d1647] Submitted process > Combine (Merging [S063-cfDNA_S12_L001_R2_001.fastq.gz, S063-cfDNA_S12_L002_R2_001.fastq.gz])
[43/5daace] Submitted process > Combine (Merging [S067-cfDNA_S24_L001_R2_001.fastq.gz, S067-cfDNA_S24_L002_R2_001.fastq.gz])
[33/0fab7a] Submitted process > Combine (Merging [S064-cfDNA_S23_L001_R1_001.fastq.gz, S064-cfDNA_S23_L002_R1_001.fastq.gz])
[da/768300] Submitted process > Combine (Merging [S029-cfDNA_S8_L001_R1_001.fastq.gz, S029-cfDNA_S8_L002_R1_001.fastq.gz])
[09/86586b] Submitted process > Combine (Merging [S030-cfDNA_S9_L001_R1_001.fastq.gz, S030-cfDNA_S9_L002_R1_001.fastq.gz])
[69/b6ebb3] Submitted process > Combine (Merging [S067-cfDNA_S24_L001_R1_001.fastq.gz, S067-cfDNA_S24_L002_R1_001.fastq.gz])
[21/2afc42] Submitted process > Combine (Merging [S038-cfDNA_S10_L001_R2_001.fastq.gz, S038-cfDNA_S10_L002_R2_001.fastq.gz])
[55/e48846] Submitted process > Combine (Merging [S115-cfDNA_S20_L001_R1_001.fastq.gz, S115-cfDNA_S20_L002_R1_001.fastq.gz])
[7a/a0f9cc] Submitted process > Combine (Merging [S115-cfDNA_S20_L001_R2_001.fastq.gz, S115-cfDNA_S20_L002_R2_001.fastq.gz])
[8f/054073] Submitted process > Combine (Merging [S027-cfDNA_S22_L001_R2_001.fastq.gz, S027-cfDNA_S22_L002_R2_001.fastq.gz])
[18/b2c461] Submitted process > Combine (Merging [S114-cfDNA_S19_L001_R2_001.fastq.gz, S114-cfDNA_S19_L002_R2_001.fastq.gz])
[66/10eae5] Submitted process > Combine (Merging [S078-cfDNA_S26_L001_R2_001.fastq.gz, S078-cfDNA_S26_L002_R2_001.fastq.gz])
[cd/fd0c87] Submitted process > Combine (Merging [S114-cfDNA_S19_L001_R1_001.fastq.gz, S114-cfDNA_S19_L002_R1_001.fastq.gz])
[13/31a67c] Submitted process > Combine (Merging [F113-cfDNA_S18_L001_R2_001.fastq.gz, F113-cfDNA_S18_L002_R2_001.fastq.gz])
[be/90cd47] Submitted process > Combine (Merging [S083-cfDNA_S14_L001_R1_001.fastq.gz, S083-cfDNA_S14_L002_R1_001.fastq.gz])
[d5/e45c64] Submitted process > Combine (Merging [S028-cfDNA_S7_L001_R1_001.fastq.gz, S028-cfDNA_S7_L002_R1_001.fastq.gz])
[da/40d71c] Submitted process > Combine (Merging [H004-cfDNA_S16_L001_R1_001.fastq.gz, H004-cfDNA_S16_L002_R1_001.fastq.gz])
[a9/c59035] Submitted process > Combine (Merging [H018-cfDNA_S17_L001_R1_001.fastq.gz, H018-cfDNA_S17_L002_R1_001.fastq.gz])
[11/a096bb] Submitted process > Combine (Merging [S029-cfDNA_S8_L001_R2_001.fastq.gz, S029-cfDNA_S8_L002_R2_001.fastq.gz])
[ba/4f5518] Submitted process > Combine (Merging [S078-cfDNA_S26_L001_R1_001.fastq.gz, S078-cfDNA_S26_L002_R1_001.fastq.gz])
[8f/c58563] Submitted process > Combine (Merging [S074-cfDNA_S25_L001_R2_001.fastq.gz, S074-cfDNA_S25_L002_R2_001.fastq.gz])
[d8/2965fa] Submitted process > Combine (Merging [S076-cfDNA_S13_L001_R2_001.fastq.gz, S076-cfDNA_S13_L002_R2_001.fastq.gz])
[8f/029197] Submitted process > Combine (Merging [H018-cfDNA_S17_L001_R2_001.fastq.gz, H018-cfDNA_S17_L002_R2_001.fastq.gz])
[6b/19bc4c] Submitted process > Combine (Merging [S116-cfDNA_S21_L001_R1_001.fastq.gz, S116-cfDNA_S21_L002_R1_001.fastq.gz])
[d4/aa2d4a] Submitted process > Combine (Merging [S064-cfDNA_S23_L001_R2_001.fastq.gz, S064-cfDNA_S23_L002_R2_001.fastq.gz])
[1d/58a0da] Submitted process > Combine (Merging [S038-cfDNA_S10_L001_R1_001.fastq.gz, S038-cfDNA_S10_L002_R1_001.fastq.gz])
[58/6d22cb] Submitted process > Combine (Merging [H019-cfDNA_S27_L001_R1_001.fastq.gz, H019-cfDNA_S27_L002_R1_001.fastq.gz])
[a1/16bec2] Submitted process > Combine (Merging [H020-cfDNA_S28_L001_R2_001.fastq.gz, H020-cfDNA_S28_L002_R2_001.fastq.gz])
[28/45aa7f] Submitted process > Combine (Merging [S036-cfDNA_S15_L001_R2_001.fastq.gz, S036-cfDNA_S15_L002_R2_001.fastq.gz])
